[2018-12-19 13:36:43] local.ERROR: Cannot use App\Http\Resources\InvoiceItems as InvoiceItems because the name is already in use {"exception":"[object] (Symfony\\Component\\Debug\\Exception\\FatalErrorException(code: 64): Cannot use App\\Http\\Resources\\InvoiceItems as InvoiceItems because the name is already in use at /home/vagrant/DAD/projetoDAD/app/Http/Controllers/InvoicesController.php:10)
[stacktrace]
#0 /home/vagrant/DAD/projetoDAD/vendor/laravel/framework/src/Illuminate/Foundation/Bootstrap/HandleExceptions.php(137): Symfony\\Component\\Debug\\Exception\\FatalErrorException->__construct()
#1 /home/vagrant/DAD/projetoDAD/vendor/laravel/framework/src/Illuminate/Foundation/Bootstrap/HandleExceptions.php(123): Illuminate\\Foundation\\Bootstrap\\HandleExceptions->fatalExceptionFromError()
#2 /home/vagrant/DAD/projetoDAD/vendor/laravel/framework/src/Illuminate/Foundation/Bootstrap/HandleExceptions.php(0): Illuminate\\Foundation\\Bootstrap\\HandleExceptions->handleShutdown()
#3 /home/vagrant/DAD/projetoDAD/vendor/composer/ClassLoader.php(322): Composer\\Autoload\\includeFile()
#4 /home/vagrant/DAD/projetoDAD/vendor/laravel/framework/src/Illuminate/Container/Container.php(779): Composer\\Autoload\\ClassLoader->loadClass()
#5 /home/vagrant/DAD/projetoDAD/vendor/laravel/framework/src/Illuminate/Container/Container.php(779): spl_autoload_call()
#6 /home/vagrant/DAD/projetoDAD/vendor/laravel/framework/src/Illuminate/Container/Container.php(779): ReflectionClass->__construct()
#7 /home/vagrant/DAD/projetoDAD/vendor/laravel/framework/src/Illuminate/Container/Container.php(658): Illuminate\\Foundation\\Application->build()
#8 /home/vagrant/DAD/projetoDAD/vendor/laravel/framework/src/Illuminate/Container/Container.php(609): Illuminate\\Foundation\\Application->resolve()
#9 /home/vagrant/DAD/projetoDAD/vendor/laravel/framework/src/Illuminate/Foundation/Application.php(733): Illuminate\\Foundation\\Application->make()
#10 /home/vagrant/DAD/projetoDAD/vendor/laravel/framework/src/Illuminate/Routing/Route.php(226): Illuminate\\Foundation\\Application->make()
#11 /home/vagrant/DAD/projetoDAD/vendor/laravel/framework/src/Illuminate/Routing/Route.php(796): Illuminate\\Routing\\Route->getController()
#12 /home/vagrant/DAD/projetoDAD/vendor/laravel/framework/src/Illuminate/Routing/Route.php(757): Illuminate\\Routing\\Route->controllerMiddleware()
#13 /home/vagrant/DAD/projetoDAD/vendor/laravel/framework/src/Illuminate/Routing/Router.php(692): Illuminate\\Routing\\Route->gatherMiddleware()
#14 /home/vagrant/DAD/projetoDAD/vendor/laravel/framework/src/Illuminate/Routing/Router.php(672): Illuminate\\Routing\\Router->gatherRouteMiddleware()
#15 /home/vagrant/DAD/projetoDAD/vendor/laravel/framework/src/Illuminate/Routing/Router.php(656): Illuminate\\Routing\\Router->runRouteWithinStack()
#16 /home/vagrant/DAD/projetoDAD/vendor/laravel/framework/src/Illuminate/Routing/Router.php(622): Illuminate\\Routing\\Router->runRoute()
#17 /home/vagrant/DAD/projetoDAD/vendor/laravel/framework/src/Illuminate/Routing/Router.php(611): Illuminate\\Routing\\Router->dispatchToRoute()
#18 /home/vagrant/DAD/projetoDAD/vendor/laravel/framework/src/Illuminate/Foundation/Http/Kernel.php(176): Illuminate\\Routing\\Router->dispatch()
#19 /home/vagrant/DAD/projetoDAD/vendor/laravel/framework/src/Illuminate/Routing/Pipeline.php(30): App\\Http\\Kernel->Illuminate\\Foundation\\Http\\{closure}()
#20 /home/vagrant/DAD/projetoDAD/vendor/fideloper/proxy/src/TrustProxies.php(57): Illuminate\\Routing\\Pipeline->Illuminate\\Routing\\{closure}()
#21 /home/vagrant/DAD/projetoDAD/vendor/laravel/framework/src/Illuminate/Pipeline/Pipeline.php(151): App\\Http\\Middleware\\TrustProxies->handle()
#22 /home/vagrant/DAD/projetoDAD/vendor/laravel/framework/src/Illuminate/Routing/Pipeline.php(53): Illuminate\\Routing\\Pipeline->Illuminate\\Pipeline\\{closure}()
#23 /home/vagrant/DAD/projetoDAD/vendor/laravel/framework/src/Illuminate/Foundation/Http/Middleware/TransformsRequest.php(31): Illuminate\\Routing\\Pipeline->Illuminate\\Routing\\{closure}()
#24 /home/vagrant/DAD/projetoDAD/vendor/laravel/framework/src/Illuminate/Pipeline/Pipeline.php(151): Illuminate\\Foundation\\Http\\Middleware\\ConvertEmptyStringsToNull->handle()
#25 /home/vagrant/DAD/projetoDAD/vendor/laravel/framework/src/Illuminate/Routing/Pipeline.php(53): Illuminate\\Routing\\Pipeline->Illuminate\\Pipeline\\{closure}()
#26 /home/vagrant/DAD/projetoDAD/vendor/laravel/framework/src/Illuminate/Foundation/Http/Middleware/TransformsRequest.php(31): Illuminate\\Routing\\Pipeline->Illuminate\\Routing\\{closure}()
#27 /home/vagrant/DAD/projetoDAD/vendor/laravel/framework/src/Illuminate/Pipeline/Pipeline.php(151): App\\Http\\Middleware\\TrimStrings->handle()
#28 /home/vagrant/DAD/projetoDAD/vendor/laravel/framework/src/Illuminate/Routing/Pipeline.php(53): Illuminate\\Routing\\Pipeline->Illuminate\\Pipeline\\{closure}()
#29 /home/vagrant/DAD/projetoDAD/vendor/laravel/framework/src/Illuminate/Foundation/Http/Middleware/ValidatePostSize.php(27): Illuminate\\Routing\\Pipeline->Illuminate\\Routing\\{closure}()
#30 /home/vagrant/DAD/projetoDAD/vendor/laravel/framework/src/Illuminate/Pipeline/Pipeline.php(151): Illuminate\\Foundation\\Http\\Middleware\\ValidatePostSize->handle()
#31 /home/vagrant/DAD/projetoDAD/vendor/laravel/framework/src/Illuminate/Routing/Pipeline.php(53): Illuminate\\Routing\\Pipeline->Illuminate\\Pipeline\\{closure}()
#32 /home/vagrant/DAD/projetoDAD/vendor/laravel/framework/src/Illuminate/Foundation/Http/Middleware/CheckForMaintenanceMode.php(62): Illuminate\\Routing\\Pipeline->Illuminate\\Routing\\{closure}()
#33 /home/vagrant/DAD/projetoDAD/vendor/laravel/framework/src/Illuminate/Pipeline/Pipeline.php(151): App\\Http\\Middleware\\CheckForMaintenanceMode->handle()
#34 /home/vagrant/DAD/projetoDAD/vendor/laravel/framework/src/Illuminate/Routing/Pipeline.php(53): Illuminate\\Routing\\Pipeline->Illuminate\\Pipeline\\{closure}()
#35 /home/vagrant/DAD/projetoDAD/vendor/laravel/framework/src/Illuminate/Pipeline/Pipeline.php(104): Illuminate\\Routing\\Pipeline->Illuminate\\Routing\\{closure}()
#36 /home/vagrant/DAD/projetoDAD/vendor/laravel/framework/src/Illuminate/Foundation/Http/Kernel.php(151): Illuminate\\Routing\\Pipeline->then()
#37 /home/vagrant/DAD/projetoDAD/vendor/laravel/framework/src/Illuminate/Foundation/Http/Kernel.php(116): App\\Http\\Kernel->sendRequestThroughRouter()
#38 /home/vagrant/DAD/projetoDAD/public/index.php(55): App\\Http\\Kernel->handle()
#39 /home/vagrant/DAD/projetoDAD/public/index.php(0): {main}()
#40 {main}
"} 
[2018-12-19 13:36:44] local.ERROR: Cannot use App\Http\Resources\InvoiceItems as InvoiceItems because the name is already in use {"exception":"[object] (Symfony\\Component\\Debug\\Exception\\FatalErrorException(code: 64): Cannot use App\\Http\\Resources\\InvoiceItems as InvoiceItems because the name is already in use at /home/vagrant/DAD/projetoDAD/app/Http/Controllers/InvoicesController.php:10)
[stacktrace]
#0 /home/vagrant/DAD/projetoDAD/vendor/laravel/framework/src/Illuminate/Foundation/Bootstrap/HandleExceptions.php(137): Symfony\\Component\\Debug\\Exception\\FatalErrorException->__construct()
#1 /home/vagrant/DAD/projetoDAD/vendor/laravel/framework/src/Illuminate/Foundation/Bootstrap/HandleExceptions.php(123): Illuminate\\Foundation\\Bootstrap\\HandleExceptions->fatalExceptionFromError()
#2 /home/vagrant/DAD/projetoDAD/vendor/laravel/framework/src/Illuminate/Foundation/Bootstrap/HandleExceptions.php(0): Illuminate\\Foundation\\Bootstrap\\HandleExceptions->handleShutdown()
#3 /home/vagrant/DAD/projetoDAD/vendor/composer/ClassLoader.php(322): Composer\\Autoload\\includeFile()
#4 /home/vagrant/DAD/projetoDAD/vendor/laravel/framework/src/Illuminate/Container/Container.php(779): Composer\\Autoload\\ClassLoader->loadClass()
#5 /home/vagrant/DAD/projetoDAD/vendor/laravel/framework/src/Illuminate/Container/Container.php(779): spl_autoload_call()
#6 /home/vagrant/DAD/projetoDAD/vendor/laravel/framework/src/Illuminate/Container/Container.php(779): ReflectionClass->__construct()
#7 /home/vagrant/DAD/projetoDAD/vendor/laravel/framework/src/Illuminate/Container/Container.php(658): Illuminate\\Foundation\\Application->build()
#8 /home/vagrant/DAD/projetoDAD/vendor/laravel/framework/src/Illuminate/Container/Container.php(609): Illuminate\\Foundation\\Application->resolve()
#9 /home/vagrant/DAD/projetoDAD/vendor/laravel/framework/src/Illuminate/Foundation/Application.php(733): Illuminate\\Foundation\\Application->make()
#10 /home/vagrant/DAD/projetoDAD/vendor/laravel/framework/src/Illuminate/Routing/Route.php(226): Illuminate\\Foundation\\Application->make()
#11 /home/vagrant/DAD/projetoDAD/vendor/laravel/framework/src/Illuminate/Routing/Route.php(796): Illuminate\\Routing\\Route->getController()
#12 /home/vagrant/DAD/projetoDAD/vendor/laravel/framework/src/Illuminate/Routing/Route.php(757): Illuminate\\Routing\\Route->controllerMiddleware()
#13 /home/vagrant/DAD/projetoDAD/vendor/laravel/framework/src/Illuminate/Routing/Router.php(692): Illuminate\\Routing\\Route->gatherMiddleware()
#14 /home/vagrant/DAD/projetoDAD/vendor/laravel/framework/src/Illuminate/Routing/Router.php(672): Illuminate\\Routing\\Router->gatherRouteMiddleware()
#15 /home/vagrant/DAD/projetoDAD/vendor/laravel/framework/src/Illuminate/Routing/Router.php(656): Illuminate\\Routing\\Router->runRouteWithinStack()
#16 /home/vagrant/DAD/projetoDAD/vendor/laravel/framework/src/Illuminate/Routing/Router.php(622): Illuminate\\Routing\\Router->runRoute()
#17 /home/vagrant/DAD/projetoDAD/vendor/laravel/framework/src/Illuminate/Routing/Router.php(611): Illuminate\\Routing\\Router->dispatchToRoute()
#18 /home/vagrant/DAD/projetoDAD/vendor/laravel/framework/src/Illuminate/Foundation/Http/Kernel.php(176): Illuminate\\Routing\\Router->dispatch()
#19 /home/vagrant/DAD/projetoDAD/vendor/laravel/framework/src/Illuminate/Routing/Pipeline.php(30): App\\Http\\Kernel->Illuminate\\Foundation\\Http\\{closure}()
#20 /home/vagrant/DAD/projetoDAD/vendor/fideloper/proxy/src/TrustProxies.php(57): Illuminate\\Routing\\Pipeline->Illuminate\\Routing\\{closure}()
#21 /home/vagrant/DAD/projetoDAD/vendor/laravel/framework/src/Illuminate/Pipeline/Pipeline.php(151): App\\Http\\Middleware\\TrustProxies->handle()
#22 /home/vagrant/DAD/projetoDAD/vendor/laravel/framework/src/Illuminate/Routing/Pipeline.php(53): Illuminate\\Routing\\Pipeline->Illuminate\\Pipeline\\{closure}()
#23 /home/vagrant/DAD/projetoDAD/vendor/laravel/framework/src/Illuminate/Foundation/Http/Middleware/TransformsRequest.php(31): Illuminate\\Routing\\Pipeline->Illuminate\\Routing\\{closure}()
#24 /home/vagrant/DAD/projetoDAD/vendor/laravel/framework/src/Illuminate/Pipeline/Pipeline.php(151): Illuminate\\Foundation\\Http\\Middleware\\ConvertEmptyStringsToNull->handle()
#25 /home/vagrant/DAD/projetoDAD/vendor/laravel/framework/src/Illuminate/Routing/Pipeline.php(53): Illuminate\\Routing\\Pipeline->Illuminate\\Pipeline\\{closure}()
#26 /home/vagrant/DAD/projetoDAD/vendor/laravel/framework/src/Illuminate/Foundation/Http/Middleware/TransformsRequest.php(31): Illuminate\\Routing\\Pipeline->Illuminate\\Routing\\{closure}()
#27 /home/vagrant/DAD/projetoDAD/vendor/laravel/framework/src/Illuminate/Pipeline/Pipeline.php(151): App\\Http\\Middleware\\TrimStrings->handle()
#28 /home/vagrant/DAD/projetoDAD/vendor/laravel/framework/src/Illuminate/Routing/Pipeline.php(53): Illuminate\\Routing\\Pipeline->Illuminate\\Pipeline\\{closure}()
#29 /home/vagrant/DAD/projetoDAD/vendor/laravel/framework/src/Illuminate/Foundation/Http/Middleware/ValidatePostSize.php(27): Illuminate\\Routing\\Pipeline->Illuminate\\Routing\\{closure}()
#30 /home/vagrant/DAD/projetoDAD/vendor/laravel/framework/src/Illuminate/Pipeline/Pipeline.php(151): Illuminate\\Foundation\\Http\\Middleware\\ValidatePostSize->handle()
#31 /home/vagrant/DAD/projetoDAD/vendor/laravel/framework/src/Illuminate/Routing/Pipeline.php(53): Illuminate\\Routing\\Pipeline->Illuminate\\Pipeline\\{closure}()
#32 /home/vagrant/DAD/projetoDAD/vendor/laravel/framework/src/Illuminate/Foundation/Http/Middleware/CheckForMaintenanceMode.php(62): Illuminate\\Routing\\Pipeline->Illuminate\\Routing\\{closure}()
#33 /home/vagrant/DAD/projetoDAD/vendor/laravel/framework/src/Illuminate/Pipeline/Pipeline.php(151): App\\Http\\Middleware\\CheckForMaintenanceMode->handle()
#34 /home/vagrant/DAD/projetoDAD/vendor/laravel/framework/src/Illuminate/Routing/Pipeline.php(53): Illuminate\\Routing\\Pipeline->Illuminate\\Pipeline\\{closure}()
#35 /home/vagrant/DAD/projetoDAD/vendor/laravel/framework/src/Illuminate/Pipeline/Pipeline.php(104): Illuminate\\Routing\\Pipeline->Illuminate\\Routing\\{closure}()
#36 /home/vagrant/DAD/projetoDAD/vendor/laravel/framework/src/Illuminate/Foundation/Http/Kernel.php(151): Illuminate\\Routing\\Pipeline->then()
#37 /home/vagrant/DAD/projetoDAD/vendor/laravel/framework/src/Illuminate/Foundation/Http/Kernel.php(116): App\\Http\\Kernel->sendRequestThroughRouter()
#38 /home/vagrant/DAD/projetoDAD/public/index.php(55): App\\Http\\Kernel->handle()
#39 /home/vagrant/DAD/projetoDAD/public/index.php(0): {main}()
#40 {main}
"} 
[2018-12-19 13:36:44] local.ERROR: Cannot use App\Http\Resources\InvoiceItems as InvoiceItems because the name is already in use {"exception":"[object] (Symfony\\Component\\Debug\\Exception\\FatalErrorException(code: 64): Cannot use App\\Http\\Resources\\InvoiceItems as InvoiceItems because the name is already in use at /home/vagrant/DAD/projetoDAD/app/Http/Controllers/InvoicesController.php:10)
[stacktrace]
#0 /home/vagrant/DAD/projetoDAD/vendor/laravel/framework/src/Illuminate/Foundation/Bootstrap/HandleExceptions.php(137): Symfony\\Component\\Debug\\Exception\\FatalErrorException->__construct()
#1 /home/vagrant/DAD/projetoDAD/vendor/laravel/framework/src/Illuminate/Foundation/Bootstrap/HandleExceptions.php(123): Illuminate\\Foundation\\Bootstrap\\HandleExceptions->fatalExceptionFromError()
#2 /home/vagrant/DAD/projetoDAD/vendor/laravel/framework/src/Illuminate/Foundation/Bootstrap/HandleExceptions.php(0): Illuminate\\Foundation\\Bootstrap\\HandleExceptions->handleShutdown()
#3 /home/vagrant/DAD/projetoDAD/vendor/composer/ClassLoader.php(322): Composer\\Autoload\\includeFile()
#4 /home/vagrant/DAD/projetoDAD/vendor/laravel/framework/src/Illuminate/Container/Container.php(779): Composer\\Autoload\\ClassLoader->loadClass()
#5 /home/vagrant/DAD/projetoDAD/vendor/laravel/framework/src/Illuminate/Container/Container.php(779): spl_autoload_call()
#6 /home/vagrant/DAD/projetoDAD/vendor/laravel/framework/src/Illuminate/Container/Container.php(779): ReflectionClass->__construct()
#7 /home/vagrant/DAD/projetoDAD/vendor/laravel/framework/src/Illuminate/Container/Container.php(658): Illuminate\\Foundation\\Application->build()
#8 /home/vagrant/DAD/projetoDAD/vendor/laravel/framework/src/Illuminate/Container/Container.php(609): Illuminate\\Foundation\\Application->resolve()
#9 /home/vagrant/DAD/projetoDAD/vendor/laravel/framework/src/Illuminate/Foundation/Application.php(733): Illuminate\\Foundation\\Application->make()
#10 /home/vagrant/DAD/projetoDAD/vendor/laravel/framework/src/Illuminate/Routing/Route.php(226): Illuminate\\Foundation\\Application->make()
#11 /home/vagrant/DAD/projetoDAD/vendor/laravel/framework/src/Illuminate/Routing/Route.php(796): Illuminate\\Routing\\Route->getController()
#12 /home/vagrant/DAD/projetoDAD/vendor/laravel/framework/src/Illuminate/Routing/Route.php(757): Illuminate\\Routing\\Route->controllerMiddleware()
#13 /home/vagrant/DAD/projetoDAD/vendor/laravel/framework/src/Illuminate/Routing/Router.php(692): Illuminate\\Routing\\Route->gatherMiddleware()
#14 /home/vagrant/DAD/projetoDAD/vendor/laravel/framework/src/Illuminate/Routing/Router.php(672): Illuminate\\Routing\\Router->gatherRouteMiddleware()
#15 /home/vagrant/DAD/projetoDAD/vendor/laravel/framework/src/Illuminate/Routing/Router.php(656): Illuminate\\Routing\\Router->runRouteWithinStack()
#16 /home/vagrant/DAD/projetoDAD/vendor/laravel/framework/src/Illuminate/Routing/Router.php(622): Illuminate\\Routing\\Router->runRoute()
#17 /home/vagrant/DAD/projetoDAD/vendor/laravel/framework/src/Illuminate/Routing/Router.php(611): Illuminate\\Routing\\Router->dispatchToRoute()
#18 /home/vagrant/DAD/projetoDAD/vendor/laravel/framework/src/Illuminate/Foundation/Http/Kernel.php(176): Illuminate\\Routing\\Router->dispatch()
#19 /home/vagrant/DAD/projetoDAD/vendor/laravel/framework/src/Illuminate/Routing/Pipeline.php(30): App\\Http\\Kernel->Illuminate\\Foundation\\Http\\{closure}()
#20 /home/vagrant/DAD/projetoDAD/vendor/fideloper/proxy/src/TrustProxies.php(57): Illuminate\\Routing\\Pipeline->Illuminate\\Routing\\{closure}()
#21 /home/vagrant/DAD/projetoDAD/vendor/laravel/framework/src/Illuminate/Pipeline/Pipeline.php(151): App\\Http\\Middleware\\TrustProxies->handle()
#22 /home/vagrant/DAD/projetoDAD/vendor/laravel/framework/src/Illuminate/Routing/Pipeline.php(53): Illuminate\\Routing\\Pipeline->Illuminate\\Pipeline\\{closure}()
#23 /home/vagrant/DAD/projetoDAD/vendor/laravel/framework/src/Illuminate/Foundation/Http/Middleware/TransformsRequest.php(31): Illuminate\\Routing\\Pipeline->Illuminate\\Routing\\{closure}()
#24 /home/vagrant/DAD/projetoDAD/vendor/laravel/framework/src/Illuminate/Pipeline/Pipeline.php(151): Illuminate\\Foundation\\Http\\Middleware\\ConvertEmptyStringsToNull->handle()
#25 /home/vagrant/DAD/projetoDAD/vendor/laravel/framework/src/Illuminate/Routing/Pipeline.php(53): Illuminate\\Routing\\Pipeline->Illuminate\\Pipeline\\{closure}()
#26 /home/vagrant/DAD/projetoDAD/vendor/laravel/framework/src/Illuminate/Foundation/Http/Middleware/TransformsRequest.php(31): Illuminate\\Routing\\Pipeline->Illuminate\\Routing\\{closure}()
#27 /home/vagrant/DAD/projetoDAD/vendor/laravel/framework/src/Illuminate/Pipeline/Pipeline.php(151): App\\Http\\Middleware\\TrimStrings->handle()
#28 /home/vagrant/DAD/projetoDAD/vendor/laravel/framework/src/Illuminate/Routing/Pipeline.php(53): Illuminate\\Routing\\Pipeline->Illuminate\\Pipeline\\{closure}()
#29 /home/vagrant/DAD/projetoDAD/vendor/laravel/framework/src/Illuminate/Foundation/Http/Middleware/ValidatePostSize.php(27): Illuminate\\Routing\\Pipeline->Illuminate\\Routing\\{closure}()
#30 /home/vagrant/DAD/projetoDAD/vendor/laravel/framework/src/Illuminate/Pipeline/Pipeline.php(151): Illuminate\\Foundation\\Http\\Middleware\\ValidatePostSize->handle()
#31 /home/vagrant/DAD/projetoDAD/vendor/laravel/framework/src/Illuminate/Routing/Pipeline.php(53): Illuminate\\Routing\\Pipeline->Illuminate\\Pipeline\\{closure}()
#32 /home/vagrant/DAD/projetoDAD/vendor/laravel/framework/src/Illuminate/Foundation/Http/Middleware/CheckForMaintenanceMode.php(62): Illuminate\\Routing\\Pipeline->Illuminate\\Routing\\{closure}()
#33 /home/vagrant/DAD/projetoDAD/vendor/laravel/framework/src/Illuminate/Pipeline/Pipeline.php(151): App\\Http\\Middleware\\CheckForMaintenanceMode->handle()
#34 /home/vagrant/DAD/projetoDAD/vendor/laravel/framework/src/Illuminate/Routing/Pipeline.php(53): Illuminate\\Routing\\Pipeline->Illuminate\\Pipeline\\{closure}()
#35 /home/vagrant/DAD/projetoDAD/vendor/laravel/framework/src/Illuminate/Pipeline/Pipeline.php(104): Illuminate\\Routing\\Pipeline->Illuminate\\Routing\\{closure}()
#36 /home/vagrant/DAD/projetoDAD/vendor/laravel/framework/src/Illuminate/Foundation/Http/Kernel.php(151): Illuminate\\Routing\\Pipeline->then()
#37 /home/vagrant/DAD/projetoDAD/vendor/laravel/framework/src/Illuminate/Foundation/Http/Kernel.php(116): App\\Http\\Kernel->sendRequestThroughRouter()
#38 /home/vagrant/DAD/projetoDAD/public/index.php(55): App\\Http\\Kernel->handle()
#39 /home/vagrant/DAD/projetoDAD/public/index.php(0): {main}()
#40 {main}
"} 
[2018-12-19 13:37:52] local.ERROR: Cannot use App\Http\Resources\InvoiceItems as InvoiceItems because the name is already in use {"exception":"[object] (Symfony\\Component\\Debug\\Exception\\FatalErrorException(code: 64): Cannot use App\\Http\\Resources\\InvoiceItems as InvoiceItems because the name is already in use at /home/vagrant/DAD/projetoDAD/app/Http/Controllers/InvoicesController.php:10)
[stacktrace]
#0 /home/vagrant/DAD/projetoDAD/vendor/laravel/framework/src/Illuminate/Foundation/Bootstrap/HandleExceptions.php(137): Symfony\\Component\\Debug\\Exception\\FatalErrorException->__construct()
#1 /home/vagrant/DAD/projetoDAD/vendor/laravel/framework/src/Illuminate/Foundation/Bootstrap/HandleExceptions.php(123): Illuminate\\Foundation\\Bootstrap\\HandleExceptions->fatalExceptionFromError()
#2 /home/vagrant/DAD/projetoDAD/vendor/laravel/framework/src/Illuminate/Foundation/Bootstrap/HandleExceptions.php(0): Illuminate\\Foundation\\Bootstrap\\HandleExceptions->handleShutdown()
#3 /home/vagrant/DAD/projetoDAD/vendor/composer/ClassLoader.php(322): Composer\\Autoload\\includeFile()
#4 /home/vagrant/DAD/projetoDAD/vendor/laravel/framework/src/Illuminate/Container/Container.php(779): Composer\\Autoload\\ClassLoader->loadClass()
#5 /home/vagrant/DAD/projetoDAD/vendor/laravel/framework/src/Illuminate/Container/Container.php(779): spl_autoload_call()
#6 /home/vagrant/DAD/projetoDAD/vendor/laravel/framework/src/Illuminate/Container/Container.php(779): ReflectionClass->__construct()
#7 /home/vagrant/DAD/projetoDAD/vendor/laravel/framework/src/Illuminate/Container/Container.php(658): Illuminate\\Foundation\\Application->build()
#8 /home/vagrant/DAD/projetoDAD/vendor/laravel/framework/src/Illuminate/Container/Container.php(609): Illuminate\\Foundation\\Application->resolve()
#9 /home/vagrant/DAD/projetoDAD/vendor/laravel/framework/src/Illuminate/Foundation/Application.php(733): Illuminate\\Foundation\\Application->make()
#10 /home/vagrant/DAD/projetoDAD/vendor/laravel/framework/src/Illuminate/Routing/Route.php(226): Illuminate\\Foundation\\Application->make()
#11 /home/vagrant/DAD/projetoDAD/vendor/laravel/framework/src/Illuminate/Routing/Route.php(796): Illuminate\\Routing\\Route->getController()
#12 /home/vagrant/DAD/projetoDAD/vendor/laravel/framework/src/Illuminate/Routing/Route.php(757): Illuminate\\Routing\\Route->controllerMiddleware()
#13 /home/vagrant/DAD/projetoDAD/vendor/laravel/framework/src/Illuminate/Routing/Router.php(692): Illuminate\\Routing\\Route->gatherMiddleware()
#14 /home/vagrant/DAD/projetoDAD/vendor/laravel/framework/src/Illuminate/Routing/Router.php(672): Illuminate\\Routing\\Router->gatherRouteMiddleware()
#15 /home/vagrant/DAD/projetoDAD/vendor/laravel/framework/src/Illuminate/Routing/Router.php(656): Illuminate\\Routing\\Router->runRouteWithinStack()
#16 /home/vagrant/DAD/projetoDAD/vendor/laravel/framework/src/Illuminate/Routing/Router.php(622): Illuminate\\Routing\\Router->runRoute()
#17 /home/vagrant/DAD/projetoDAD/vendor/laravel/framework/src/Illuminate/Routing/Router.php(611): Illuminate\\Routing\\Router->dispatchToRoute()
#18 /home/vagrant/DAD/projetoDAD/vendor/laravel/framework/src/Illuminate/Foundation/Http/Kernel.php(176): Illuminate\\Routing\\Router->dispatch()
#19 /home/vagrant/DAD/projetoDAD/vendor/laravel/framework/src/Illuminate/Routing/Pipeline.php(30): App\\Http\\Kernel->Illuminate\\Foundation\\Http\\{closure}()
#20 /home/vagrant/DAD/projetoDAD/vendor/fideloper/proxy/src/TrustProxies.php(57): Illuminate\\Routing\\Pipeline->Illuminate\\Routing\\{closure}()
#21 /home/vagrant/DAD/projetoDAD/vendor/laravel/framework/src/Illuminate/Pipeline/Pipeline.php(151): App\\Http\\Middleware\\TrustProxies->handle()
#22 /home/vagrant/DAD/projetoDAD/vendor/laravel/framework/src/Illuminate/Routing/Pipeline.php(53): Illuminate\\Routing\\Pipeline->Illuminate\\Pipeline\\{closure}()
#23 /home/vagrant/DAD/projetoDAD/vendor/laravel/framework/src/Illuminate/Foundation/Http/Middleware/TransformsRequest.php(31): Illuminate\\Routing\\Pipeline->Illuminate\\Routing\\{closure}()
#24 /home/vagrant/DAD/projetoDAD/vendor/laravel/framework/src/Illuminate/Pipeline/Pipeline.php(151): Illuminate\\Foundation\\Http\\Middleware\\ConvertEmptyStringsToNull->handle()
#25 /home/vagrant/DAD/projetoDAD/vendor/laravel/framework/src/Illuminate/Routing/Pipeline.php(53): Illuminate\\Routing\\Pipeline->Illuminate\\Pipeline\\{closure}()
#26 /home/vagrant/DAD/projetoDAD/vendor/laravel/framework/src/Illuminate/Foundation/Http/Middleware/TransformsRequest.php(31): Illuminate\\Routing\\Pipeline->Illuminate\\Routing\\{closure}()
#27 /home/vagrant/DAD/projetoDAD/vendor/laravel/framework/src/Illuminate/Pipeline/Pipeline.php(151): App\\Http\\Middleware\\TrimStrings->handle()
#28 /home/vagrant/DAD/projetoDAD/vendor/laravel/framework/src/Illuminate/Routing/Pipeline.php(53): Illuminate\\Routing\\Pipeline->Illuminate\\Pipeline\\{closure}()
#29 /home/vagrant/DAD/projetoDAD/vendor/laravel/framework/src/Illuminate/Foundation/Http/Middleware/ValidatePostSize.php(27): Illuminate\\Routing\\Pipeline->Illuminate\\Routing\\{closure}()
#30 /home/vagrant/DAD/projetoDAD/vendor/laravel/framework/src/Illuminate/Pipeline/Pipeline.php(151): Illuminate\\Foundation\\Http\\Middleware\\ValidatePostSize->handle()
#31 /home/vagrant/DAD/projetoDAD/vendor/laravel/framework/src/Illuminate/Routing/Pipeline.php(53): Illuminate\\Routing\\Pipeline->Illuminate\\Pipeline\\{closure}()
#32 /home/vagrant/DAD/projetoDAD/vendor/laravel/framework/src/Illuminate/Foundation/Http/Middleware/CheckForMaintenanceMode.php(62): Illuminate\\Routing\\Pipeline->Illuminate\\Routing\\{closure}()
#33 /home/vagrant/DAD/projetoDAD/vendor/laravel/framework/src/Illuminate/Pipeline/Pipeline.php(151): App\\Http\\Middleware\\CheckForMaintenanceMode->handle()
#34 /home/vagrant/DAD/projetoDAD/vendor/laravel/framework/src/Illuminate/Routing/Pipeline.php(53): Illuminate\\Routing\\Pipeline->Illuminate\\Pipeline\\{closure}()
#35 /home/vagrant/DAD/projetoDAD/vendor/laravel/framework/src/Illuminate/Pipeline/Pipeline.php(104): Illuminate\\Routing\\Pipeline->Illuminate\\Routing\\{closure}()
#36 /home/vagrant/DAD/projetoDAD/vendor/laravel/framework/src/Illuminate/Foundation/Http/Kernel.php(151): Illuminate\\Routing\\Pipeline->then()
#37 /home/vagrant/DAD/projetoDAD/vendor/laravel/framework/src/Illuminate/Foundation/Http/Kernel.php(116): App\\Http\\Kernel->sendRequestThroughRouter()
#38 /home/vagrant/DAD/projetoDAD/public/index.php(55): App\\Http\\Kernel->handle()
#39 /home/vagrant/DAD/projetoDAD/public/index.php(0): {main}()
#40 {main}
"} 
[2018-12-19 13:37:52] local.ERROR: Cannot use App\Http\Resources\InvoiceItems as InvoiceItems because the name is already in use {"exception":"[object] (Symfony\\Component\\Debug\\Exception\\FatalErrorException(code: 64): Cannot use App\\Http\\Resources\\InvoiceItems as InvoiceItems because the name is already in use at /home/vagrant/DAD/projetoDAD/app/Http/Controllers/InvoicesController.php:10)
[stacktrace]
#0 /home/vagrant/DAD/projetoDAD/vendor/laravel/framework/src/Illuminate/Foundation/Bootstrap/HandleExceptions.php(137): Symfony\\Component\\Debug\\Exception\\FatalErrorException->__construct()
#1 /home/vagrant/DAD/projetoDAD/vendor/laravel/framework/src/Illuminate/Foundation/Bootstrap/HandleExceptions.php(123): Illuminate\\Foundation\\Bootstrap\\HandleExceptions->fatalExceptionFromError()
#2 /home/vagrant/DAD/projetoDAD/vendor/laravel/framework/src/Illuminate/Foundation/Bootstrap/HandleExceptions.php(0): Illuminate\\Foundation\\Bootstrap\\HandleExceptions->handleShutdown()
#3 /home/vagrant/DAD/projetoDAD/vendor/composer/ClassLoader.php(322): Composer\\Autoload\\includeFile()
#4 /home/vagrant/DAD/projetoDAD/vendor/laravel/framework/src/Illuminate/Container/Container.php(779): Composer\\Autoload\\ClassLoader->loadClass()
#5 /home/vagrant/DAD/projetoDAD/vendor/laravel/framework/src/Illuminate/Container/Container.php(779): spl_autoload_call()
#6 /home/vagrant/DAD/projetoDAD/vendor/laravel/framework/src/Illuminate/Container/Container.php(779): ReflectionClass->__construct()
#7 /home/vagrant/DAD/projetoDAD/vendor/laravel/framework/src/Illuminate/Container/Container.php(658): Illuminate\\Foundation\\Application->build()
#8 /home/vagrant/DAD/projetoDAD/vendor/laravel/framework/src/Illuminate/Container/Container.php(609): Illuminate\\Foundation\\Application->resolve()
#9 /home/vagrant/DAD/projetoDAD/vendor/laravel/framework/src/Illuminate/Foundation/Application.php(733): Illuminate\\Foundation\\Application->make()
#10 /home/vagrant/DAD/projetoDAD/vendor/laravel/framework/src/Illuminate/Routing/Route.php(226): Illuminate\\Foundation\\Application->make()
#11 /home/vagrant/DAD/projetoDAD/vendor/laravel/framework/src/Illuminate/Routing/Route.php(796): Illuminate\\Routing\\Route->getController()
#12 /home/vagrant/DAD/projetoDAD/vendor/laravel/framework/src/Illuminate/Routing/Route.php(757): Illuminate\\Routing\\Route->controllerMiddleware()
#13 /home/vagrant/DAD/projetoDAD/vendor/laravel/framework/src/Illuminate/Routing/Router.php(692): Illuminate\\Routing\\Route->gatherMiddleware()
#14 /home/vagrant/DAD/projetoDAD/vendor/laravel/framework/src/Illuminate/Routing/Router.php(672): Illuminate\\Routing\\Router->gatherRouteMiddleware()
#15 /home/vagrant/DAD/projetoDAD/vendor/laravel/framework/src/Illuminate/Routing/Router.php(656): Illuminate\\Routing\\Router->runRouteWithinStack()
#16 /home/vagrant/DAD/projetoDAD/vendor/laravel/framework/src/Illuminate/Routing/Router.php(622): Illuminate\\Routing\\Router->runRoute()
#17 /home/vagrant/DAD/projetoDAD/vendor/laravel/framework/src/Illuminate/Routing/Router.php(611): Illuminate\\Routing\\Router->dispatchToRoute()
#18 /home/vagrant/DAD/projetoDAD/vendor/laravel/framework/src/Illuminate/Foundation/Http/Kernel.php(176): Illuminate\\Routing\\Router->dispatch()
#19 /home/vagrant/DAD/projetoDAD/vendor/laravel/framework/src/Illuminate/Routing/Pipeline.php(30): App\\Http\\Kernel->Illuminate\\Foundation\\Http\\{closure}()
#20 /home/vagrant/DAD/projetoDAD/vendor/fideloper/proxy/src/TrustProxies.php(57): Illuminate\\Routing\\Pipeline->Illuminate\\Routing\\{closure}()
#21 /home/vagrant/DAD/projetoDAD/vendor/laravel/framework/src/Illuminate/Pipeline/Pipeline.php(151): App\\Http\\Middleware\\TrustProxies->handle()
#22 /home/vagrant/DAD/projetoDAD/vendor/laravel/framework/src/Illuminate/Routing/Pipeline.php(53): Illuminate\\Routing\\Pipeline->Illuminate\\Pipeline\\{closure}()
#23 /home/vagrant/DAD/projetoDAD/vendor/laravel/framework/src/Illuminate/Foundation/Http/Middleware/TransformsRequest.php(31): Illuminate\\Routing\\Pipeline->Illuminate\\Routing\\{closure}()
#24 /home/vagrant/DAD/projetoDAD/vendor/laravel/framework/src/Illuminate/Pipeline/Pipeline.php(151): Illuminate\\Foundation\\Http\\Middleware\\ConvertEmptyStringsToNull->handle()
#25 /home/vagrant/DAD/projetoDAD/vendor/laravel/framework/src/Illuminate/Routing/Pipeline.php(53): Illuminate\\Routing\\Pipeline->Illuminate\\Pipeline\\{closure}()
#26 /home/vagrant/DAD/projetoDAD/vendor/laravel/framework/src/Illuminate/Foundation/Http/Middleware/TransformsRequest.php(31): Illuminate\\Routing\\Pipeline->Illuminate\\Routing\\{closure}()
#27 /home/vagrant/DAD/projetoDAD/vendor/laravel/framework/src/Illuminate/Pipeline/Pipeline.php(151): App\\Http\\Middleware\\TrimStrings->handle()
#28 /home/vagrant/DAD/projetoDAD/vendor/laravel/framework/src/Illuminate/Routing/Pipeline.php(53): Illuminate\\Routing\\Pipeline->Illuminate\\Pipeline\\{closure}()
#29 /home/vagrant/DAD/projetoDAD/vendor/laravel/framework/src/Illuminate/Foundation/Http/Middleware/ValidatePostSize.php(27): Illuminate\\Routing\\Pipeline->Illuminate\\Routing\\{closure}()
#30 /home/vagrant/DAD/projetoDAD/vendor/laravel/framework/src/Illuminate/Pipeline/Pipeline.php(151): Illuminate\\Foundation\\Http\\Middleware\\ValidatePostSize->handle()
#31 /home/vagrant/DAD/projetoDAD/vendor/laravel/framework/src/Illuminate/Routing/Pipeline.php(53): Illuminate\\Routing\\Pipeline->Illuminate\\Pipeline\\{closure}()
#32 /home/vagrant/DAD/projetoDAD/vendor/laravel/framework/src/Illuminate/Foundation/Http/Middleware/CheckForMaintenanceMode.php(62): Illuminate\\Routing\\Pipeline->Illuminate\\Routing\\{closure}()
#33 /home/vagrant/DAD/projetoDAD/vendor/laravel/framework/src/Illuminate/Pipeline/Pipeline.php(151): App\\Http\\Middleware\\CheckForMaintenanceMode->handle()
#34 /home/vagrant/DAD/projetoDAD/vendor/laravel/framework/src/Illuminate/Routing/Pipeline.php(53): Illuminate\\Routing\\Pipeline->Illuminate\\Pipeline\\{closure}()
#35 /home/vagrant/DAD/projetoDAD/vendor/laravel/framework/src/Illuminate/Pipeline/Pipeline.php(104): Illuminate\\Routing\\Pipeline->Illuminate\\Routing\\{closure}()
#36 /home/vagrant/DAD/projetoDAD/vendor/laravel/framework/src/Illuminate/Foundation/Http/Kernel.php(151): Illuminate\\Routing\\Pipeline->then()
#37 /home/vagrant/DAD/projetoDAD/vendor/laravel/framework/src/Illuminate/Foundation/Http/Kernel.php(116): App\\Http\\Kernel->sendRequestThroughRouter()
#38 /home/vagrant/DAD/projetoDAD/public/index.php(55): App\\Http\\Kernel->handle()
#39 /home/vagrant/DAD/projetoDAD/public/index.php(0): {main}()
#40 {main}
"} 
[2018-12-19 13:37:53] local.ERROR: Cannot use App\Http\Resources\InvoiceItems as InvoiceItems because the name is already in use {"exception":"[object] (Symfony\\Component\\Debug\\Exception\\FatalErrorException(code: 64): Cannot use App\\Http\\Resources\\InvoiceItems as InvoiceItems because the name is already in use at /home/vagrant/DAD/projetoDAD/app/Http/Controllers/InvoicesController.php:10)
[stacktrace]
#0 /home/vagrant/DAD/projetoDAD/vendor/laravel/framework/src/Illuminate/Foundation/Bootstrap/HandleExceptions.php(137): Symfony\\Component\\Debug\\Exception\\FatalErrorException->__construct()
#1 /home/vagrant/DAD/projetoDAD/vendor/laravel/framework/src/Illuminate/Foundation/Bootstrap/HandleExceptions.php(123): Illuminate\\Foundation\\Bootstrap\\HandleExceptions->fatalExceptionFromError()
#2 /home/vagrant/DAD/projetoDAD/vendor/laravel/framework/src/Illuminate/Foundation/Bootstrap/HandleExceptions.php(0): Illuminate\\Foundation\\Bootstrap\\HandleExceptions->handleShutdown()
#3 /home/vagrant/DAD/projetoDAD/vendor/composer/ClassLoader.php(322): Composer\\Autoload\\includeFile()
#4 /home/vagrant/DAD/projetoDAD/vendor/laravel/framework/src/Illuminate/Container/Container.php(779): Composer\\Autoload\\ClassLoader->loadClass()
#5 /home/vagrant/DAD/projetoDAD/vendor/laravel/framework/src/Illuminate/Container/Container.php(779): spl_autoload_call()
#6 /home/vagrant/DAD/projetoDAD/vendor/laravel/framework/src/Illuminate/Container/Container.php(779): ReflectionClass->__construct()
#7 /home/vagrant/DAD/projetoDAD/vendor/laravel/framework/src/Illuminate/Container/Container.php(658): Illuminate\\Foundation\\Application->build()
#8 /home/vagrant/DAD/projetoDAD/vendor/laravel/framework/src/Illuminate/Container/Container.php(609): Illuminate\\Foundation\\Application->resolve()
#9 /home/vagrant/DAD/projetoDAD/vendor/laravel/framework/src/Illuminate/Foundation/Application.php(733): Illuminate\\Foundation\\Application->make()
#10 /home/vagrant/DAD/projetoDAD/vendor/laravel/framework/src/Illuminate/Routing/Route.php(226): Illuminate\\Foundation\\Application->make()
#11 /home/vagrant/DAD/projetoDAD/vendor/laravel/framework/src/Illuminate/Routing/Route.php(796): Illuminate\\Routing\\Route->getController()
#12 /home/vagrant/DAD/projetoDAD/vendor/laravel/framework/src/Illuminate/Routing/Route.php(757): Illuminate\\Routing\\Route->controllerMiddleware()
#13 /home/vagrant/DAD/projetoDAD/vendor/laravel/framework/src/Illuminate/Routing/Router.php(692): Illuminate\\Routing\\Route->gatherMiddleware()
#14 /home/vagrant/DAD/projetoDAD/vendor/laravel/framework/src/Illuminate/Routing/Router.php(672): Illuminate\\Routing\\Router->gatherRouteMiddleware()
#15 /home/vagrant/DAD/projetoDAD/vendor/laravel/framework/src/Illuminate/Routing/Router.php(656): Illuminate\\Routing\\Router->runRouteWithinStack()
#16 /home/vagrant/DAD/projetoDAD/vendor/laravel/framework/src/Illuminate/Routing/Router.php(622): Illuminate\\Routing\\Router->runRoute()
#17 /home/vagrant/DAD/projetoDAD/vendor/laravel/framework/src/Illuminate/Routing/Router.php(611): Illuminate\\Routing\\Router->dispatchToRoute()
#18 /home/vagrant/DAD/projetoDAD/vendor/laravel/framework/src/Illuminate/Foundation/Http/Kernel.php(176): Illuminate\\Routing\\Router->dispatch()
#19 /home/vagrant/DAD/projetoDAD/vendor/laravel/framework/src/Illuminate/Routing/Pipeline.php(30): App\\Http\\Kernel->Illuminate\\Foundation\\Http\\{closure}()
#20 /home/vagrant/DAD/projetoDAD/vendor/fideloper/proxy/src/TrustProxies.php(57): Illuminate\\Routing\\Pipeline->Illuminate\\Routing\\{closure}()
#21 /home/vagrant/DAD/projetoDAD/vendor/laravel/framework/src/Illuminate/Pipeline/Pipeline.php(151): App\\Http\\Middleware\\TrustProxies->handle()
#22 /home/vagrant/DAD/projetoDAD/vendor/laravel/framework/src/Illuminate/Routing/Pipeline.php(53): Illuminate\\Routing\\Pipeline->Illuminate\\Pipeline\\{closure}()
#23 /home/vagrant/DAD/projetoDAD/vendor/laravel/framework/src/Illuminate/Foundation/Http/Middleware/TransformsRequest.php(31): Illuminate\\Routing\\Pipeline->Illuminate\\Routing\\{closure}()
#24 /home/vagrant/DAD/projetoDAD/vendor/laravel/framework/src/Illuminate/Pipeline/Pipeline.php(151): Illuminate\\Foundation\\Http\\Middleware\\ConvertEmptyStringsToNull->handle()
#25 /home/vagrant/DAD/projetoDAD/vendor/laravel/framework/src/Illuminate/Routing/Pipeline.php(53): Illuminate\\Routing\\Pipeline->Illuminate\\Pipeline\\{closure}()
#26 /home/vagrant/DAD/projetoDAD/vendor/laravel/framework/src/Illuminate/Foundation/Http/Middleware/TransformsRequest.php(31): Illuminate\\Routing\\Pipeline->Illuminate\\Routing\\{closure}()
#27 /home/vagrant/DAD/projetoDAD/vendor/laravel/framework/src/Illuminate/Pipeline/Pipeline.php(151): App\\Http\\Middleware\\TrimStrings->handle()
#28 /home/vagrant/DAD/projetoDAD/vendor/laravel/framework/src/Illuminate/Routing/Pipeline.php(53): Illuminate\\Routing\\Pipeline->Illuminate\\Pipeline\\{closure}()
#29 /home/vagrant/DAD/projetoDAD/vendor/laravel/framework/src/Illuminate/Foundation/Http/Middleware/ValidatePostSize.php(27): Illuminate\\Routing\\Pipeline->Illuminate\\Routing\\{closure}()
#30 /home/vagrant/DAD/projetoDAD/vendor/laravel/framework/src/Illuminate/Pipeline/Pipeline.php(151): Illuminate\\Foundation\\Http\\Middleware\\ValidatePostSize->handle()
#31 /home/vagrant/DAD/projetoDAD/vendor/laravel/framework/src/Illuminate/Routing/Pipeline.php(53): Illuminate\\Routing\\Pipeline->Illuminate\\Pipeline\\{closure}()
#32 /home/vagrant/DAD/projetoDAD/vendor/laravel/framework/src/Illuminate/Foundation/Http/Middleware/CheckForMaintenanceMode.php(62): Illuminate\\Routing\\Pipeline->Illuminate\\Routing\\{closure}()
#33 /home/vagrant/DAD/projetoDAD/vendor/laravel/framework/src/Illuminate/Pipeline/Pipeline.php(151): App\\Http\\Middleware\\CheckForMaintenanceMode->handle()
#34 /home/vagrant/DAD/projetoDAD/vendor/laravel/framework/src/Illuminate/Routing/Pipeline.php(53): Illuminate\\Routing\\Pipeline->Illuminate\\Pipeline\\{closure}()
#35 /home/vagrant/DAD/projetoDAD/vendor/laravel/framework/src/Illuminate/Pipeline/Pipeline.php(104): Illuminate\\Routing\\Pipeline->Illuminate\\Routing\\{closure}()
#36 /home/vagrant/DAD/projetoDAD/vendor/laravel/framework/src/Illuminate/Foundation/Http/Kernel.php(151): Illuminate\\Routing\\Pipeline->then()
#37 /home/vagrant/DAD/projetoDAD/vendor/laravel/framework/src/Illuminate/Foundation/Http/Kernel.php(116): App\\Http\\Kernel->sendRequestThroughRouter()
#38 /home/vagrant/DAD/projetoDAD/public/index.php(55): App\\Http\\Kernel->handle()
#39 /home/vagrant/DAD/projetoDAD/public/index.php(0): {main}()
#40 {main}
"} 
[2018-12-19 13:38:32] local.ERROR: Cannot use App\Http\Resources\InvoiceItems as InvoiceItems because the name is already in use {"exception":"[object] (Symfony\\Component\\Debug\\Exception\\FatalErrorException(code: 64): Cannot use App\\Http\\Resources\\InvoiceItems as InvoiceItems because the name is already in use at /home/vagrant/DAD/projetoDAD/app/Http/Controllers/InvoicesController.php:10)
[stacktrace]
#0 /home/vagrant/DAD/projetoDAD/vendor/laravel/framework/src/Illuminate/Foundation/Bootstrap/HandleExceptions.php(137): Symfony\\Component\\Debug\\Exception\\FatalErrorException->__construct()
#1 /home/vagrant/DAD/projetoDAD/vendor/laravel/framework/src/Illuminate/Foundation/Bootstrap/HandleExceptions.php(123): Illuminate\\Foundation\\Bootstrap\\HandleExceptions->fatalExceptionFromError()
#2 /home/vagrant/DAD/projetoDAD/vendor/laravel/framework/src/Illuminate/Foundation/Bootstrap/HandleExceptions.php(0): Illuminate\\Foundation\\Bootstrap\\HandleExceptions->handleShutdown()
#3 /home/vagrant/DAD/projetoDAD/vendor/composer/ClassLoader.php(322): Composer\\Autoload\\includeFile()
#4 /home/vagrant/DAD/projetoDAD/vendor/laravel/framework/src/Illuminate/Container/Container.php(779): Composer\\Autoload\\ClassLoader->loadClass()
#5 /home/vagrant/DAD/projetoDAD/vendor/laravel/framework/src/Illuminate/Container/Container.php(779): spl_autoload_call()
#6 /home/vagrant/DAD/projetoDAD/vendor/laravel/framework/src/Illuminate/Container/Container.php(779): ReflectionClass->__construct()
#7 /home/vagrant/DAD/projetoDAD/vendor/laravel/framework/src/Illuminate/Container/Container.php(658): Illuminate\\Foundation\\Application->build()
#8 /home/vagrant/DAD/projetoDAD/vendor/laravel/framework/src/Illuminate/Container/Container.php(609): Illuminate\\Foundation\\Application->resolve()
#9 /home/vagrant/DAD/projetoDAD/vendor/laravel/framework/src/Illuminate/Foundation/Application.php(733): Illuminate\\Foundation\\Application->make()
#10 /home/vagrant/DAD/projetoDAD/vendor/laravel/framework/src/Illuminate/Routing/Route.php(226): Illuminate\\Foundation\\Application->make()
#11 /home/vagrant/DAD/projetoDAD/vendor/laravel/framework/src/Illuminate/Routing/Route.php(796): Illuminate\\Routing\\Route->getController()
#12 /home/vagrant/DAD/projetoDAD/vendor/laravel/framework/src/Illuminate/Routing/Route.php(757): Illuminate\\Routing\\Route->controllerMiddleware()
#13 /home/vagrant/DAD/projetoDAD/vendor/laravel/framework/src/Illuminate/Routing/Router.php(692): Illuminate\\Routing\\Route->gatherMiddleware()
#14 /home/vagrant/DAD/projetoDAD/vendor/laravel/framework/src/Illuminate/Routing/Router.php(672): Illuminate\\Routing\\Router->gatherRouteMiddleware()
#15 /home/vagrant/DAD/projetoDAD/vendor/laravel/framework/src/Illuminate/Routing/Router.php(656): Illuminate\\Routing\\Router->runRouteWithinStack()
#16 /home/vagrant/DAD/projetoDAD/vendor/laravel/framework/src/Illuminate/Routing/Router.php(622): Illuminate\\Routing\\Router->runRoute()
#17 /home/vagrant/DAD/projetoDAD/vendor/laravel/framework/src/Illuminate/Routing/Router.php(611): Illuminate\\Routing\\Router->dispatchToRoute()
#18 /home/vagrant/DAD/projetoDAD/vendor/laravel/framework/src/Illuminate/Foundation/Http/Kernel.php(176): Illuminate\\Routing\\Router->dispatch()
#19 /home/vagrant/DAD/projetoDAD/vendor/laravel/framework/src/Illuminate/Routing/Pipeline.php(30): App\\Http\\Kernel->Illuminate\\Foundation\\Http\\{closure}()
#20 /home/vagrant/DAD/projetoDAD/vendor/fideloper/proxy/src/TrustProxies.php(57): Illuminate\\Routing\\Pipeline->Illuminate\\Routing\\{closure}()
#21 /home/vagrant/DAD/projetoDAD/vendor/laravel/framework/src/Illuminate/Pipeline/Pipeline.php(151): App\\Http\\Middleware\\TrustProxies->handle()
#22 /home/vagrant/DAD/projetoDAD/vendor/laravel/framework/src/Illuminate/Routing/Pipeline.php(53): Illuminate\\Routing\\Pipeline->Illuminate\\Pipeline\\{closure}()
#23 /home/vagrant/DAD/projetoDAD/vendor/laravel/framework/src/Illuminate/Foundation/Http/Middleware/TransformsRequest.php(31): Illuminate\\Routing\\Pipeline->Illuminate\\Routing\\{closure}()
#24 /home/vagrant/DAD/projetoDAD/vendor/laravel/framework/src/Illuminate/Pipeline/Pipeline.php(151): Illuminate\\Foundation\\Http\\Middleware\\ConvertEmptyStringsToNull->handle()
#25 /home/vagrant/DAD/projetoDAD/vendor/laravel/framework/src/Illuminate/Routing/Pipeline.php(53): Illuminate\\Routing\\Pipeline->Illuminate\\Pipeline\\{closure}()
#26 /home/vagrant/DAD/projetoDAD/vendor/laravel/framework/src/Illuminate/Foundation/Http/Middleware/TransformsRequest.php(31): Illuminate\\Routing\\Pipeline->Illuminate\\Routing\\{closure}()
#27 /home/vagrant/DAD/projetoDAD/vendor/laravel/framework/src/Illuminate/Pipeline/Pipeline.php(151): App\\Http\\Middleware\\TrimStrings->handle()
#28 /home/vagrant/DAD/projetoDAD/vendor/laravel/framework/src/Illuminate/Routing/Pipeline.php(53): Illuminate\\Routing\\Pipeline->Illuminate\\Pipeline\\{closure}()
#29 /home/vagrant/DAD/projetoDAD/vendor/laravel/framework/src/Illuminate/Foundation/Http/Middleware/ValidatePostSize.php(27): Illuminate\\Routing\\Pipeline->Illuminate\\Routing\\{closure}()
#30 /home/vagrant/DAD/projetoDAD/vendor/laravel/framework/src/Illuminate/Pipeline/Pipeline.php(151): Illuminate\\Foundation\\Http\\Middleware\\ValidatePostSize->handle()
#31 /home/vagrant/DAD/projetoDAD/vendor/laravel/framework/src/Illuminate/Routing/Pipeline.php(53): Illuminate\\Routing\\Pipeline->Illuminate\\Pipeline\\{closure}()
#32 /home/vagrant/DAD/projetoDAD/vendor/laravel/framework/src/Illuminate/Foundation/Http/Middleware/CheckForMaintenanceMode.php(62): Illuminate\\Routing\\Pipeline->Illuminate\\Routing\\{closure}()
#33 /home/vagrant/DAD/projetoDAD/vendor/laravel/framework/src/Illuminate/Pipeline/Pipeline.php(151): App\\Http\\Middleware\\CheckForMaintenanceMode->handle()
#34 /home/vagrant/DAD/projetoDAD/vendor/laravel/framework/src/Illuminate/Routing/Pipeline.php(53): Illuminate\\Routing\\Pipeline->Illuminate\\Pipeline\\{closure}()
#35 /home/vagrant/DAD/projetoDAD/vendor/laravel/framework/src/Illuminate/Pipeline/Pipeline.php(104): Illuminate\\Routing\\Pipeline->Illuminate\\Routing\\{closure}()
#36 /home/vagrant/DAD/projetoDAD/vendor/laravel/framework/src/Illuminate/Foundation/Http/Kernel.php(151): Illuminate\\Routing\\Pipeline->then()
#37 /home/vagrant/DAD/projetoDAD/vendor/laravel/framework/src/Illuminate/Foundation/Http/Kernel.php(116): App\\Http\\Kernel->sendRequestThroughRouter()
#38 /home/vagrant/DAD/projetoDAD/public/index.php(55): App\\Http\\Kernel->handle()
#39 /home/vagrant/DAD/projetoDAD/public/index.php(0): {main}()
#40 {main}
"} 
[2018-12-19 13:39:30] local.ERROR: Cannot use App\Http\Resources\InvoiceItems as InvoiceItems because the name is already in use {"exception":"[object] (Symfony\\Component\\Debug\\Exception\\FatalErrorException(code: 64): Cannot use App\\Http\\Resources\\InvoiceItems as InvoiceItems because the name is already in use at /home/vagrant/DAD/projetoDAD/app/Http/Controllers/InvoicesController.php:10)
[stacktrace]
#0 /home/vagrant/DAD/projetoDAD/vendor/laravel/framework/src/Illuminate/Foundation/Bootstrap/HandleExceptions.php(137): Symfony\\Component\\Debug\\Exception\\FatalErrorException->__construct()
#1 /home/vagrant/DAD/projetoDAD/vendor/laravel/framework/src/Illuminate/Foundation/Bootstrap/HandleExceptions.php(123): Illuminate\\Foundation\\Bootstrap\\HandleExceptions->fatalExceptionFromError()
#2 /home/vagrant/DAD/projetoDAD/vendor/laravel/framework/src/Illuminate/Foundation/Bootstrap/HandleExceptions.php(0): Illuminate\\Foundation\\Bootstrap\\HandleExceptions->handleShutdown()
#3 /home/vagrant/DAD/projetoDAD/vendor/composer/ClassLoader.php(322): Composer\\Autoload\\includeFile()
#4 /home/vagrant/DAD/projetoDAD/vendor/laravel/framework/src/Illuminate/Container/Container.php(779): Composer\\Autoload\\ClassLoader->loadClass()
#5 /home/vagrant/DAD/projetoDAD/vendor/laravel/framework/src/Illuminate/Container/Container.php(779): spl_autoload_call()
#6 /home/vagrant/DAD/projetoDAD/vendor/laravel/framework/src/Illuminate/Container/Container.php(779): ReflectionClass->__construct()
#7 /home/vagrant/DAD/projetoDAD/vendor/laravel/framework/src/Illuminate/Container/Container.php(658): Illuminate\\Foundation\\Application->build()
#8 /home/vagrant/DAD/projetoDAD/vendor/laravel/framework/src/Illuminate/Container/Container.php(609): Illuminate\\Foundation\\Application->resolve()
#9 /home/vagrant/DAD/projetoDAD/vendor/laravel/framework/src/Illuminate/Foundation/Application.php(733): Illuminate\\Foundation\\Application->make()
#10 /home/vagrant/DAD/projetoDAD/vendor/laravel/framework/src/Illuminate/Routing/Route.php(226): Illuminate\\Foundation\\Application->make()
#11 /home/vagrant/DAD/projetoDAD/vendor/laravel/framework/src/Illuminate/Routing/Route.php(796): Illuminate\\Routing\\Route->getController()
#12 /home/vagrant/DAD/projetoDAD/vendor/laravel/framework/src/Illuminate/Routing/Route.php(757): Illuminate\\Routing\\Route->controllerMiddleware()
#13 /home/vagrant/DAD/projetoDAD/vendor/laravel/framework/src/Illuminate/Routing/Router.php(692): Illuminate\\Routing\\Route->gatherMiddleware()
#14 /home/vagrant/DAD/projetoDAD/vendor/laravel/framework/src/Illuminate/Routing/Router.php(672): Illuminate\\Routing\\Router->gatherRouteMiddleware()
#15 /home/vagrant/DAD/projetoDAD/vendor/laravel/framework/src/Illuminate/Routing/Router.php(656): Illuminate\\Routing\\Router->runRouteWithinStack()
#16 /home/vagrant/DAD/projetoDAD/vendor/laravel/framework/src/Illuminate/Routing/Router.php(622): Illuminate\\Routing\\Router->runRoute()
#17 /home/vagrant/DAD/projetoDAD/vendor/laravel/framework/src/Illuminate/Routing/Router.php(611): Illuminate\\Routing\\Router->dispatchToRoute()
#18 /home/vagrant/DAD/projetoDAD/vendor/laravel/framework/src/Illuminate/Foundation/Http/Kernel.php(176): Illuminate\\Routing\\Router->dispatch()
#19 /home/vagrant/DAD/projetoDAD/vendor/laravel/framework/src/Illuminate/Routing/Pipeline.php(30): App\\Http\\Kernel->Illuminate\\Foundation\\Http\\{closure}()
#20 /home/vagrant/DAD/projetoDAD/vendor/fideloper/proxy/src/TrustProxies.php(57): Illuminate\\Routing\\Pipeline->Illuminate\\Routing\\{closure}()
#21 /home/vagrant/DAD/projetoDAD/vendor/laravel/framework/src/Illuminate/Pipeline/Pipeline.php(151): App\\Http\\Middleware\\TrustProxies->handle()
#22 /home/vagrant/DAD/projetoDAD/vendor/laravel/framework/src/Illuminate/Routing/Pipeline.php(53): Illuminate\\Routing\\Pipeline->Illuminate\\Pipeline\\{closure}()
#23 /home/vagrant/DAD/projetoDAD/vendor/laravel/framework/src/Illuminate/Foundation/Http/Middleware/TransformsRequest.php(31): Illuminate\\Routing\\Pipeline->Illuminate\\Routing\\{closure}()
#24 /home/vagrant/DAD/projetoDAD/vendor/laravel/framework/src/Illuminate/Pipeline/Pipeline.php(151): Illuminate\\Foundation\\Http\\Middleware\\ConvertEmptyStringsToNull->handle()
#25 /home/vagrant/DAD/projetoDAD/vendor/laravel/framework/src/Illuminate/Routing/Pipeline.php(53): Illuminate\\Routing\\Pipeline->Illuminate\\Pipeline\\{closure}()
#26 /home/vagrant/DAD/projetoDAD/vendor/laravel/framework/src/Illuminate/Foundation/Http/Middleware/TransformsRequest.php(31): Illuminate\\Routing\\Pipeline->Illuminate\\Routing\\{closure}()
#27 /home/vagrant/DAD/projetoDAD/vendor/laravel/framework/src/Illuminate/Pipeline/Pipeline.php(151): App\\Http\\Middleware\\TrimStrings->handle()
#28 /home/vagrant/DAD/projetoDAD/vendor/laravel/framework/src/Illuminate/Routing/Pipeline.php(53): Illuminate\\Routing\\Pipeline->Illuminate\\Pipeline\\{closure}()
#29 /home/vagrant/DAD/projetoDAD/vendor/laravel/framework/src/Illuminate/Foundation/Http/Middleware/ValidatePostSize.php(27): Illuminate\\Routing\\Pipeline->Illuminate\\Routing\\{closure}()
#30 /home/vagrant/DAD/projetoDAD/vendor/laravel/framework/src/Illuminate/Pipeline/Pipeline.php(151): Illuminate\\Foundation\\Http\\Middleware\\ValidatePostSize->handle()
#31 /home/vagrant/DAD/projetoDAD/vendor/laravel/framework/src/Illuminate/Routing/Pipeline.php(53): Illuminate\\Routing\\Pipeline->Illuminate\\Pipeline\\{closure}()
#32 /home/vagrant/DAD/projetoDAD/vendor/laravel/framework/src/Illuminate/Foundation/Http/Middleware/CheckForMaintenanceMode.php(62): Illuminate\\Routing\\Pipeline->Illuminate\\Routing\\{closure}()
#33 /home/vagrant/DAD/projetoDAD/vendor/laravel/framework/src/Illuminate/Pipeline/Pipeline.php(151): App\\Http\\Middleware\\CheckForMaintenanceMode->handle()
#34 /home/vagrant/DAD/projetoDAD/vendor/laravel/framework/src/Illuminate/Routing/Pipeline.php(53): Illuminate\\Routing\\Pipeline->Illuminate\\Pipeline\\{closure}()
#35 /home/vagrant/DAD/projetoDAD/vendor/laravel/framework/src/Illuminate/Pipeline/Pipeline.php(104): Illuminate\\Routing\\Pipeline->Illuminate\\Routing\\{closure}()
#36 /home/vagrant/DAD/projetoDAD/vendor/laravel/framework/src/Illuminate/Foundation/Http/Kernel.php(151): Illuminate\\Routing\\Pipeline->then()
#37 /home/vagrant/DAD/projetoDAD/vendor/laravel/framework/src/Illuminate/Foundation/Http/Kernel.php(116): App\\Http\\Kernel->sendRequestThroughRouter()
#38 /home/vagrant/DAD/projetoDAD/public/index.php(55): App\\Http\\Kernel->handle()
#39 /home/vagrant/DAD/projetoDAD/public/index.php(0): {main}()
#40 {main}
"} 
[2018-12-19 13:44:23] local.ERROR: Client authentication failed {"exception":"[object] (League\\OAuth2\\Server\\Exception\\OAuthServerException(code: 4): Client authentication failed at /home/vagrant/DAD/projetoDAD/vendor/league/oauth2-server/src/Exception/OAuthServerException.php:126)
[stacktrace]
#0 /home/vagrant/DAD/projetoDAD/vendor/league/oauth2-server/src/Grant/AbstractGrant.php(193): League\\OAuth2\\Server\\Exception\\OAuthServerException::invalidClient()
#1 /home/vagrant/DAD/projetoDAD/vendor/league/oauth2-server/src/Grant/PasswordGrant.php(51): League\\OAuth2\\Server\\Grant\\AbstractGrant->validateClient(Object(Zend\\Diactoros\\ServerRequest))
#2 /home/vagrant/DAD/projetoDAD/vendor/league/oauth2-server/src/AuthorizationServer.php(189): League\\OAuth2\\Server\\Grant\\PasswordGrant->respondToAccessTokenRequest(Object(Zend\\Diactoros\\ServerRequest), Object(League\\OAuth2\\Server\\ResponseTypes\\BearerTokenResponse), Object(DateInterval))
#3 /home/vagrant/DAD/projetoDAD/vendor/laravel/passport/src/Http/Controllers/AccessTokenController.php(63): League\\OAuth2\\Server\\AuthorizationServer->respondToAccessTokenRequest(Object(Zend\\Diactoros\\ServerRequest), Object(Zend\\Diactoros\\Response))
#4 /home/vagrant/DAD/projetoDAD/vendor/laravel/passport/src/Http/Controllers/HandlesOAuthErrors.php(28): Laravel\\Passport\\Http\\Controllers\\AccessTokenController->Laravel\\Passport\\Http\\Controllers\\{closure}()
#5 /home/vagrant/DAD/projetoDAD/vendor/laravel/passport/src/Http/Controllers/AccessTokenController.php(65): Laravel\\Passport\\Http\\Controllers\\AccessTokenController->withErrorHandling(Object(Closure))
#6 /home/vagrant/DAD/projetoDAD/vendor/laravel/framework/src/Illuminate/Routing/ControllerDispatcher.php(48): Laravel\\Passport\\Http\\Controllers\\AccessTokenController->issueToken(Object(Zend\\Diactoros\\ServerRequest))
#7 /home/vagrant/DAD/projetoDAD/vendor/laravel/framework/src/Illuminate/Routing/Route.php(212): Illuminate\\Routing\\ControllerDispatcher->dispatch(Object(Illuminate\\Routing\\Route), Object(Laravel\\Passport\\Http\\Controllers\\AccessTokenController), 'issueToken')
#8 /home/vagrant/DAD/projetoDAD/vendor/laravel/framework/src/Illuminate/Routing/Route.php(169): Illuminate\\Routing\\Route->runController()
#9 /home/vagrant/DAD/projetoDAD/vendor/laravel/framework/src/Illuminate/Routing/Router.php(679): Illuminate\\Routing\\Route->run()
#10 /home/vagrant/DAD/projetoDAD/vendor/laravel/framework/src/Illuminate/Routing/Pipeline.php(30): Illuminate\\Routing\\Router->Illuminate\\Routing\\{closure}(Object(Illuminate\\Http\\Request))
#11 /home/vagrant/DAD/projetoDAD/vendor/laravel/framework/src/Illuminate/Routing/Middleware/ThrottleRequests.php(58): Illuminate\\Routing\\Pipeline->Illuminate\\Routing\\{closure}(Object(Illuminate\\Http\\Request))
#12 /home/vagrant/DAD/projetoDAD/vendor/laravel/framework/src/Illuminate/Pipeline/Pipeline.php(151): Illuminate\\Routing\\Middleware\\ThrottleRequests->handle(Object(Illuminate\\Http\\Request), Object(Closure))
#13 /home/vagrant/DAD/projetoDAD/vendor/laravel/framework/src/Illuminate/Routing/Pipeline.php(53): Illuminate\\Pipeline\\Pipeline->Illuminate\\Pipeline\\{closure}(Object(Illuminate\\Http\\Request))
#14 /home/vagrant/DAD/projetoDAD/vendor/laravel/framework/src/Illuminate/Pipeline/Pipeline.php(104): Illuminate\\Routing\\Pipeline->Illuminate\\Routing\\{closure}(Object(Illuminate\\Http\\Request))
#15 /home/vagrant/DAD/projetoDAD/vendor/laravel/framework/src/Illuminate/Routing/Router.php(681): Illuminate\\Pipeline\\Pipeline->then(Object(Closure))
#16 /home/vagrant/DAD/projetoDAD/vendor/laravel/framework/src/Illuminate/Routing/Router.php(656): Illuminate\\Routing\\Router->runRouteWithinStack(Object(Illuminate\\Routing\\Route), Object(Illuminate\\Http\\Request))
#17 /home/vagrant/DAD/projetoDAD/vendor/laravel/framework/src/Illuminate/Routing/Router.php(622): Illuminate\\Routing\\Router->runRoute(Object(Illuminate\\Http\\Request), Object(Illuminate\\Routing\\Route))
#18 /home/vagrant/DAD/projetoDAD/vendor/laravel/framework/src/Illuminate/Routing/Router.php(611): Illuminate\\Routing\\Router->dispatchToRoute(Object(Illuminate\\Http\\Request))
#19 /home/vagrant/DAD/projetoDAD/vendor/laravel/framework/src/Illuminate/Foundation/Http/Kernel.php(176): Illuminate\\Routing\\Router->dispatch(Object(Illuminate\\Http\\Request))
#20 /home/vagrant/DAD/projetoDAD/vendor/laravel/framework/src/Illuminate/Routing/Pipeline.php(30): Illuminate\\Foundation\\Http\\Kernel->Illuminate\\Foundation\\Http\\{closure}(Object(Illuminate\\Http\\Request))
#21 /home/vagrant/DAD/projetoDAD/vendor/fideloper/proxy/src/TrustProxies.php(57): Illuminate\\Routing\\Pipeline->Illuminate\\Routing\\{closure}(Object(Illuminate\\Http\\Request))
#22 /home/vagrant/DAD/projetoDAD/vendor/laravel/framework/src/Illuminate/Pipeline/Pipeline.php(151): Fideloper\\Proxy\\TrustProxies->handle(Object(Illuminate\\Http\\Request), Object(Closure))
#23 /home/vagrant/DAD/projetoDAD/vendor/laravel/framework/src/Illuminate/Routing/Pipeline.php(53): Illuminate\\Pipeline\\Pipeline->Illuminate\\Pipeline\\{closure}(Object(Illuminate\\Http\\Request))
#24 /home/vagrant/DAD/projetoDAD/vendor/laravel/framework/src/Illuminate/Foundation/Http/Middleware/TransformsRequest.php(31): Illuminate\\Routing\\Pipeline->Illuminate\\Routing\\{closure}(Object(Illuminate\\Http\\Request))
#25 /home/vagrant/DAD/projetoDAD/vendor/laravel/framework/src/Illuminate/Pipeline/Pipeline.php(151): Illuminate\\Foundation\\Http\\Middleware\\TransformsRequest->handle(Object(Illuminate\\Http\\Request), Object(Closure))
#26 /home/vagrant/DAD/projetoDAD/vendor/laravel/framework/src/Illuminate/Routing/Pipeline.php(53): Illuminate\\Pipeline\\Pipeline->Illuminate\\Pipeline\\{closure}(Object(Illuminate\\Http\\Request))
#27 /home/vagrant/DAD/projetoDAD/vendor/laravel/framework/src/Illuminate/Foundation/Http/Middleware/TransformsRequest.php(31): Illuminate\\Routing\\Pipeline->Illuminate\\Routing\\{closure}(Object(Illuminate\\Http\\Request))
#28 /home/vagrant/DAD/projetoDAD/vendor/laravel/framework/src/Illuminate/Pipeline/Pipeline.php(151): Illuminate\\Foundation\\Http\\Middleware\\TransformsRequest->handle(Object(Illuminate\\Http\\Request), Object(Closure))
#29 /home/vagrant/DAD/projetoDAD/vendor/laravel/framework/src/Illuminate/Routing/Pipeline.php(53): Illuminate\\Pipeline\\Pipeline->Illuminate\\Pipeline\\{closure}(Object(Illuminate\\Http\\Request))
#30 /home/vagrant/DAD/projetoDAD/vendor/laravel/framework/src/Illuminate/Foundation/Http/Middleware/ValidatePostSize.php(27): Illuminate\\Routing\\Pipeline->Illuminate\\Routing\\{closure}(Object(Illuminate\\Http\\Request))
#31 /home/vagrant/DAD/projetoDAD/vendor/laravel/framework/src/Illuminate/Pipeline/Pipeline.php(151): Illuminate\\Foundation\\Http\\Middleware\\ValidatePostSize->handle(Object(Illuminate\\Http\\Request), Object(Closure))
#32 /home/vagrant/DAD/projetoDAD/vendor/laravel/framework/src/Illuminate/Routing/Pipeline.php(53): Illuminate\\Pipeline\\Pipeline->Illuminate\\Pipeline\\{closure}(Object(Illuminate\\Http\\Request))
#33 /home/vagrant/DAD/projetoDAD/vendor/laravel/framework/src/Illuminate/Foundation/Http/Middleware/CheckForMaintenanceMode.php(62): Illuminate\\Routing\\Pipeline->Illuminate\\Routing\\{closure}(Object(Illuminate\\Http\\Request))
#34 /home/vagrant/DAD/projetoDAD/vendor/laravel/framework/src/Illuminate/Pipeline/Pipeline.php(151): Illuminate\\Foundation\\Http\\Middleware\\CheckForMaintenanceMode->handle(Object(Illuminate\\Http\\Request), Object(Closure))
#35 /home/vagrant/DAD/projetoDAD/vendor/laravel/framework/src/Illuminate/Routing/Pipeline.php(53): Illuminate\\Pipeline\\Pipeline->Illuminate\\Pipeline\\{closure}(Object(Illuminate\\Http\\Request))
#36 /home/vagrant/DAD/projetoDAD/vendor/laravel/framework/src/Illuminate/Pipeline/Pipeline.php(104): Illuminate\\Routing\\Pipeline->Illuminate\\Routing\\{closure}(Object(Illuminate\\Http\\Request))
#37 /home/vagrant/DAD/projetoDAD/vendor/laravel/framework/src/Illuminate/Foundation/Http/Kernel.php(151): Illuminate\\Pipeline\\Pipeline->then(Object(Closure))
#38 /home/vagrant/DAD/projetoDAD/vendor/laravel/framework/src/Illuminate/Foundation/Http/Kernel.php(116): Illuminate\\Foundation\\Http\\Kernel->sendRequestThroughRouter(Object(Illuminate\\Http\\Request))
#39 /home/vagrant/DAD/projetoDAD/public/index.php(55): Illuminate\\Foundation\\Http\\Kernel->handle(Object(Illuminate\\Http\\Request))
#40 {main}
"} 
[2018-12-19 13:44:26] local.ERROR: Client authentication failed {"exception":"[object] (League\\OAuth2\\Server\\Exception\\OAuthServerException(code: 4): Client authentication failed at /home/vagrant/DAD/projetoDAD/vendor/league/oauth2-server/src/Exception/OAuthServerException.php:126)
[stacktrace]
#0 /home/vagrant/DAD/projetoDAD/vendor/league/oauth2-server/src/Grant/AbstractGrant.php(193): League\\OAuth2\\Server\\Exception\\OAuthServerException::invalidClient()
#1 /home/vagrant/DAD/projetoDAD/vendor/league/oauth2-server/src/Grant/PasswordGrant.php(51): League\\OAuth2\\Server\\Grant\\AbstractGrant->validateClient(Object(Zend\\Diactoros\\ServerRequest))
#2 /home/vagrant/DAD/projetoDAD/vendor/league/oauth2-server/src/AuthorizationServer.php(189): League\\OAuth2\\Server\\Grant\\PasswordGrant->respondToAccessTokenRequest(Object(Zend\\Diactoros\\ServerRequest), Object(League\\OAuth2\\Server\\ResponseTypes\\BearerTokenResponse), Object(DateInterval))
#3 /home/vagrant/DAD/projetoDAD/vendor/laravel/passport/src/Http/Controllers/AccessTokenController.php(63): League\\OAuth2\\Server\\AuthorizationServer->respondToAccessTokenRequest(Object(Zend\\Diactoros\\ServerRequest), Object(Zend\\Diactoros\\Response))
#4 /home/vagrant/DAD/projetoDAD/vendor/laravel/passport/src/Http/Controllers/HandlesOAuthErrors.php(28): Laravel\\Passport\\Http\\Controllers\\AccessTokenController->Laravel\\Passport\\Http\\Controllers\\{closure}()
#5 /home/vagrant/DAD/projetoDAD/vendor/laravel/passport/src/Http/Controllers/AccessTokenController.php(65): Laravel\\Passport\\Http\\Controllers\\AccessTokenController->withErrorHandling(Object(Closure))
#6 /home/vagrant/DAD/projetoDAD/vendor/laravel/framework/src/Illuminate/Routing/ControllerDispatcher.php(48): Laravel\\Passport\\Http\\Controllers\\AccessTokenController->issueToken(Object(Zend\\Diactoros\\ServerRequest))
#7 /home/vagrant/DAD/projetoDAD/vendor/laravel/framework/src/Illuminate/Routing/Route.php(212): Illuminate\\Routing\\ControllerDispatcher->dispatch(Object(Illuminate\\Routing\\Route), Object(Laravel\\Passport\\Http\\Controllers\\AccessTokenController), 'issueToken')
#8 /home/vagrant/DAD/projetoDAD/vendor/laravel/framework/src/Illuminate/Routing/Route.php(169): Illuminate\\Routing\\Route->runController()
#9 /home/vagrant/DAD/projetoDAD/vendor/laravel/framework/src/Illuminate/Routing/Router.php(679): Illuminate\\Routing\\Route->run()
#10 /home/vagrant/DAD/projetoDAD/vendor/laravel/framework/src/Illuminate/Routing/Pipeline.php(30): Illuminate\\Routing\\Router->Illuminate\\Routing\\{closure}(Object(Illuminate\\Http\\Request))
#11 /home/vagrant/DAD/projetoDAD/vendor/laravel/framework/src/Illuminate/Routing/Middleware/ThrottleRequests.php(58): Illuminate\\Routing\\Pipeline->Illuminate\\Routing\\{closure}(Object(Illuminate\\Http\\Request))
#12 /home/vagrant/DAD/projetoDAD/vendor/laravel/framework/src/Illuminate/Pipeline/Pipeline.php(151): Illuminate\\Routing\\Middleware\\ThrottleRequests->handle(Object(Illuminate\\Http\\Request), Object(Closure))
#13 /home/vagrant/DAD/projetoDAD/vendor/laravel/framework/src/Illuminate/Routing/Pipeline.php(53): Illuminate\\Pipeline\\Pipeline->Illuminate\\Pipeline\\{closure}(Object(Illuminate\\Http\\Request))
#14 /home/vagrant/DAD/projetoDAD/vendor/laravel/framework/src/Illuminate/Pipeline/Pipeline.php(104): Illuminate\\Routing\\Pipeline->Illuminate\\Routing\\{closure}(Object(Illuminate\\Http\\Request))
#15 /home/vagrant/DAD/projetoDAD/vendor/laravel/framework/src/Illuminate/Routing/Router.php(681): Illuminate\\Pipeline\\Pipeline->then(Object(Closure))
#16 /home/vagrant/DAD/projetoDAD/vendor/laravel/framework/src/Illuminate/Routing/Router.php(656): Illuminate\\Routing\\Router->runRouteWithinStack(Object(Illuminate\\Routing\\Route), Object(Illuminate\\Http\\Request))
#17 /home/vagrant/DAD/projetoDAD/vendor/laravel/framework/src/Illuminate/Routing/Router.php(622): Illuminate\\Routing\\Router->runRoute(Object(Illuminate\\Http\\Request), Object(Illuminate\\Routing\\Route))
#18 /home/vagrant/DAD/projetoDAD/vendor/laravel/framework/src/Illuminate/Routing/Router.php(611): Illuminate\\Routing\\Router->dispatchToRoute(Object(Illuminate\\Http\\Request))
#19 /home/vagrant/DAD/projetoDAD/vendor/laravel/framework/src/Illuminate/Foundation/Http/Kernel.php(176): Illuminate\\Routing\\Router->dispatch(Object(Illuminate\\Http\\Request))
#20 /home/vagrant/DAD/projetoDAD/vendor/laravel/framework/src/Illuminate/Routing/Pipeline.php(30): Illuminate\\Foundation\\Http\\Kernel->Illuminate\\Foundation\\Http\\{closure}(Object(Illuminate\\Http\\Request))
#21 /home/vagrant/DAD/projetoDAD/vendor/fideloper/proxy/src/TrustProxies.php(57): Illuminate\\Routing\\Pipeline->Illuminate\\Routing\\{closure}(Object(Illuminate\\Http\\Request))
#22 /home/vagrant/DAD/projetoDAD/vendor/laravel/framework/src/Illuminate/Pipeline/Pipeline.php(151): Fideloper\\Proxy\\TrustProxies->handle(Object(Illuminate\\Http\\Request), Object(Closure))
#23 /home/vagrant/DAD/projetoDAD/vendor/laravel/framework/src/Illuminate/Routing/Pipeline.php(53): Illuminate\\Pipeline\\Pipeline->Illuminate\\Pipeline\\{closure}(Object(Illuminate\\Http\\Request))
#24 /home/vagrant/DAD/projetoDAD/vendor/laravel/framework/src/Illuminate/Foundation/Http/Middleware/TransformsRequest.php(31): Illuminate\\Routing\\Pipeline->Illuminate\\Routing\\{closure}(Object(Illuminate\\Http\\Request))
#25 /home/vagrant/DAD/projetoDAD/vendor/laravel/framework/src/Illuminate/Pipeline/Pipeline.php(151): Illuminate\\Foundation\\Http\\Middleware\\TransformsRequest->handle(Object(Illuminate\\Http\\Request), Object(Closure))
#26 /home/vagrant/DAD/projetoDAD/vendor/laravel/framework/src/Illuminate/Routing/Pipeline.php(53): Illuminate\\Pipeline\\Pipeline->Illuminate\\Pipeline\\{closure}(Object(Illuminate\\Http\\Request))
#27 /home/vagrant/DAD/projetoDAD/vendor/laravel/framework/src/Illuminate/Foundation/Http/Middleware/TransformsRequest.php(31): Illuminate\\Routing\\Pipeline->Illuminate\\Routing\\{closure}(Object(Illuminate\\Http\\Request))
#28 /home/vagrant/DAD/projetoDAD/vendor/laravel/framework/src/Illuminate/Pipeline/Pipeline.php(151): Illuminate\\Foundation\\Http\\Middleware\\TransformsRequest->handle(Object(Illuminate\\Http\\Request), Object(Closure))
#29 /home/vagrant/DAD/projetoDAD/vendor/laravel/framework/src/Illuminate/Routing/Pipeline.php(53): Illuminate\\Pipeline\\Pipeline->Illuminate\\Pipeline\\{closure}(Object(Illuminate\\Http\\Request))
#30 /home/vagrant/DAD/projetoDAD/vendor/laravel/framework/src/Illuminate/Foundation/Http/Middleware/ValidatePostSize.php(27): Illuminate\\Routing\\Pipeline->Illuminate\\Routing\\{closure}(Object(Illuminate\\Http\\Request))
#31 /home/vagrant/DAD/projetoDAD/vendor/laravel/framework/src/Illuminate/Pipeline/Pipeline.php(151): Illuminate\\Foundation\\Http\\Middleware\\ValidatePostSize->handle(Object(Illuminate\\Http\\Request), Object(Closure))
#32 /home/vagrant/DAD/projetoDAD/vendor/laravel/framework/src/Illuminate/Routing/Pipeline.php(53): Illuminate\\Pipeline\\Pipeline->Illuminate\\Pipeline\\{closure}(Object(Illuminate\\Http\\Request))
#33 /home/vagrant/DAD/projetoDAD/vendor/laravel/framework/src/Illuminate/Foundation/Http/Middleware/CheckForMaintenanceMode.php(62): Illuminate\\Routing\\Pipeline->Illuminate\\Routing\\{closure}(Object(Illuminate\\Http\\Request))
#34 /home/vagrant/DAD/projetoDAD/vendor/laravel/framework/src/Illuminate/Pipeline/Pipeline.php(151): Illuminate\\Foundation\\Http\\Middleware\\CheckForMaintenanceMode->handle(Object(Illuminate\\Http\\Request), Object(Closure))
#35 /home/vagrant/DAD/projetoDAD/vendor/laravel/framework/src/Illuminate/Routing/Pipeline.php(53): Illuminate\\Pipeline\\Pipeline->Illuminate\\Pipeline\\{closure}(Object(Illuminate\\Http\\Request))
#36 /home/vagrant/DAD/projetoDAD/vendor/laravel/framework/src/Illuminate/Pipeline/Pipeline.php(104): Illuminate\\Routing\\Pipeline->Illuminate\\Routing\\{closure}(Object(Illuminate\\Http\\Request))
#37 /home/vagrant/DAD/projetoDAD/vendor/laravel/framework/src/Illuminate/Foundation/Http/Kernel.php(151): Illuminate\\Pipeline\\Pipeline->then(Object(Closure))
#38 /home/vagrant/DAD/projetoDAD/vendor/laravel/framework/src/Illuminate/Foundation/Http/Kernel.php(116): Illuminate\\Foundation\\Http\\Kernel->sendRequestThroughRouter(Object(Illuminate\\Http\\Request))
#39 /home/vagrant/DAD/projetoDAD/public/index.php(55): Illuminate\\Foundation\\Http\\Kernel->handle(Object(Illuminate\\Http\\Request))
#40 {main}
"} 
