[2018-12-18 19:57:22] local.ERROR: SQLSTATE[HY000]: General error: 1364 Field 'responsible_cook_id' doesn't have a default value (SQL: insert into `orders` (`state`, `item_id`, `meal_id`, `start`, `updated_at`, `created_at`) values (pending, 1, 39683, 2018-12-18 19:57:22, 2018-12-18 19:57:22, 2018-12-18 19:57:22)) {"exception":"[object] (Illuminate\\Database\\QueryException(code: HY000): SQLSTATE[HY000]: General error: 1364 Field 'responsible_cook_id' doesn't have a default value (SQL: insert into `orders` (`state`, `item_id`, `meal_id`, `start`, `updated_at`, `created_at`) values (pending, 1, 39683, 2018-12-18 19:57:22, 2018-12-18 19:57:22, 2018-12-18 19:57:22)) at /home/vagrant/dad/projetoDAD/vendor/laravel/framework/src/Illuminate/Database/Connection.php:664, Doctrine\\DBAL\\Driver\\PDOException(code: HY000): SQLSTATE[HY000]: General error: 1364 Field 'responsible_cook_id' doesn't have a default value at /home/vagrant/dad/projetoDAD/vendor/doctrine/dbal/lib/Doctrine/DBAL/Driver/PDOStatement.php:119, PDOException(code: HY000): SQLSTATE[HY000]: General error: 1364 Field 'responsible_cook_id' doesn't have a default value at /home/vagrant/dad/projetoDAD/vendor/doctrine/dbal/lib/Doctrine/DBAL/Driver/PDOStatement.php:117)
[stacktrace]
#0 /home/vagrant/dad/projetoDAD/vendor/laravel/framework/src/Illuminate/Database/Connection.php(624): Illuminate\\Database\\Connection->runQueryCallback('insert into `or...', Array, Object(Closure))
#1 /home/vagrant/dad/projetoDAD/vendor/laravel/framework/src/Illuminate/Database/Connection.php(459): Illuminate\\Database\\Connection->run('insert into `or...', Array, Object(Closure))
#2 /home/vagrant/dad/projetoDAD/vendor/laravel/framework/src/Illuminate/Database/Connection.php(411): Illuminate\\Database\\Connection->statement('insert into `or...', Array)
#3 /home/vagrant/dad/projetoDAD/vendor/laravel/framework/src/Illuminate/Database/Query/Processors/Processor.php(32): Illuminate\\Database\\Connection->insert('insert into `or...', Array)
#4 /home/vagrant/dad/projetoDAD/vendor/laravel/framework/src/Illuminate/Database/Query/Builder.php(2615): Illuminate\\Database\\Query\\Processors\\Processor->processInsertGetId(Object(Illuminate\\Database\\Query\\Builder), 'insert into `or...', Array, 'id')
#5 /home/vagrant/dad/projetoDAD/vendor/laravel/framework/src/Illuminate/Database/Eloquent/Builder.php(1318): Illuminate\\Database\\Query\\Builder->insertGetId(Array, 'id')
#6 /home/vagrant/dad/projetoDAD/vendor/laravel/framework/src/Illuminate/Database/Eloquent/Model.php(823): Illuminate\\Database\\Eloquent\\Builder->__call('insertGetId', Array)
#7 /home/vagrant/dad/projetoDAD/vendor/laravel/framework/src/Illuminate/Database/Eloquent/Model.php(788): Illuminate\\Database\\Eloquent\\Model->insertAndSetId(Object(Illuminate\\Database\\Eloquent\\Builder), Array)
#8 /home/vagrant/dad/projetoDAD/vendor/laravel/framework/src/Illuminate/Database/Eloquent/Model.php(651): Illuminate\\Database\\Eloquent\\Model->performInsert(Object(Illuminate\\Database\\Eloquent\\Builder))
#9 /home/vagrant/dad/projetoDAD/app/Http/Controllers/OrdersController.php(89): Illuminate\\Database\\Eloquent\\Model->save()
#10 [internal function]: App\\Http\\Controllers\\OrdersController->storeMultiple(Object(Illuminate\\Http\\Request))
#11 /home/vagrant/dad/projetoDAD/vendor/laravel/framework/src/Illuminate/Routing/Controller.php(54): call_user_func_array(Array, Array)
#12 /home/vagrant/dad/projetoDAD/vendor/laravel/framework/src/Illuminate/Routing/ControllerDispatcher.php(45): Illuminate\\Routing\\Controller->callAction('storeMultiple', Array)
#13 /home/vagrant/dad/projetoDAD/vendor/laravel/framework/src/Illuminate/Routing/Route.php(212): Illuminate\\Routing\\ControllerDispatcher->dispatch(Object(Illuminate\\Routing\\Route), Object(App\\Http\\Controllers\\OrdersController), 'storeMultiple')
#14 /home/vagrant/dad/projetoDAD/vendor/laravel/framework/src/Illuminate/Routing/Route.php(169): Illuminate\\Routing\\Route->runController()
#15 /home/vagrant/dad/projetoDAD/vendor/laravel/framework/src/Illuminate/Routing/Router.php(682): Illuminate\\Routing\\Route->run()
#16 /home/vagrant/dad/projetoDAD/vendor/laravel/framework/src/Illuminate/Routing/Pipeline.php(30): Illuminate\\Routing\\Router->Illuminate\\Routing\\{closure}(Object(Illuminate\\Http\\Request))
#17 /home/vagrant/dad/projetoDAD/vendor/laravel/framework/src/Illuminate/Routing/Middleware/SubstituteBindings.php(41): Illuminate\\Routing\\Pipeline->Illuminate\\Routing\\{closure}(Object(Illuminate\\Http\\Request))
#18 /home/vagrant/dad/projetoDAD/vendor/laravel/framework/src/Illuminate/Pipeline/Pipeline.php(151): Illuminate\\Routing\\Middleware\\SubstituteBindings->handle(Object(Illuminate\\Http\\Request), Object(Closure))
#19 /home/vagrant/dad/projetoDAD/vendor/laravel/framework/src/Illuminate/Routing/Pipeline.php(53): Illuminate\\Pipeline\\Pipeline->Illuminate\\Pipeline\\{closure}(Object(Illuminate\\Http\\Request))
#20 /home/vagrant/dad/projetoDAD/vendor/laravel/framework/src/Illuminate/Routing/Middleware/ThrottleRequests.php(58): Illuminate\\Routing\\Pipeline->Illuminate\\Routing\\{closure}(Object(Illuminate\\Http\\Request))
#21 /home/vagrant/dad/projetoDAD/vendor/laravel/framework/src/Illuminate/Pipeline/Pipeline.php(151): Illuminate\\Routing\\Middleware\\ThrottleRequests->handle(Object(Illuminate\\Http\\Request), Object(Closure), 60, '1')
#22 /home/vagrant/dad/projetoDAD/vendor/laravel/framework/src/Illuminate/Routing/Pipeline.php(53): Illuminate\\Pipeline\\Pipeline->Illuminate\\Pipeline\\{closure}(Object(Illuminate\\Http\\Request))
#23 /home/vagrant/dad/projetoDAD/vendor/laravel/framework/src/Illuminate/Pipeline/Pipeline.php(104): Illuminate\\Routing\\Pipeline->Illuminate\\Routing\\{closure}(Object(Illuminate\\Http\\Request))
#24 /home/vagrant/dad/projetoDAD/vendor/laravel/framework/src/Illuminate/Routing/Router.php(684): Illuminate\\Pipeline\\Pipeline->then(Object(Closure))
#25 /home/vagrant/dad/projetoDAD/vendor/laravel/framework/src/Illuminate/Routing/Router.php(659): Illuminate\\Routing\\Router->runRouteWithinStack(Object(Illuminate\\Routing\\Route), Object(Illuminate\\Http\\Request))
#26 /home/vagrant/dad/projetoDAD/vendor/laravel/framework/src/Illuminate/Routing/Router.php(625): Illuminate\\Routing\\Router->runRoute(Object(Illuminate\\Http\\Request), Object(Illuminate\\Routing\\Route))
#27 /home/vagrant/dad/projetoDAD/vendor/laravel/framework/src/Illuminate/Routing/Router.php(614): Illuminate\\Routing\\Router->dispatchToRoute(Object(Illuminate\\Http\\Request))
#28 /home/vagrant/dad/projetoDAD/vendor/laravel/framework/src/Illuminate/Foundation/Http/Kernel.php(176): Illuminate\\Routing\\Router->dispatch(Object(Illuminate\\Http\\Request))
#29 /home/vagrant/dad/projetoDAD/vendor/laravel/framework/src/Illuminate/Routing/Pipeline.php(30): Illuminate\\Foundation\\Http\\Kernel->Illuminate\\Foundation\\Http\\{closure}(Object(Illuminate\\Http\\Request))
#30 /home/vagrant/dad/projetoDAD/vendor/barryvdh/laravel-debugbar/src/Middleware/InjectDebugbar.php(65): Illuminate\\Routing\\Pipeline->Illuminate\\Routing\\{closure}(Object(Illuminate\\Http\\Request))
#31 /home/vagrant/dad/projetoDAD/vendor/laravel/framework/src/Illuminate/Pipeline/Pipeline.php(151): Barryvdh\\Debugbar\\Middleware\\InjectDebugbar->handle(Object(Illuminate\\Http\\Request), Object(Closure))
#32 /home/vagrant/dad/projetoDAD/vendor/laravel/framework/src/Illuminate/Routing/Pipeline.php(53): Illuminate\\Pipeline\\Pipeline->Illuminate\\Pipeline\\{closure}(Object(Illuminate\\Http\\Request))
#33 /home/vagrant/dad/projetoDAD/vendor/fideloper/proxy/src/TrustProxies.php(57): Illuminate\\Routing\\Pipeline->Illuminate\\Routing\\{closure}(Object(Illuminate\\Http\\Request))
#34 /home/vagrant/dad/projetoDAD/vendor/laravel/framework/src/Illuminate/Pipeline/Pipeline.php(151): Fideloper\\Proxy\\TrustProxies->handle(Object(Illuminate\\Http\\Request), Object(Closure))
#35 /home/vagrant/dad/projetoDAD/vendor/laravel/framework/src/Illuminate/Routing/Pipeline.php(53): Illuminate\\Pipeline\\Pipeline->Illuminate\\Pipeline\\{closure}(Object(Illuminate\\Http\\Request))
#36 /home/vagrant/dad/projetoDAD/vendor/laravel/framework/src/Illuminate/Foundation/Http/Middleware/TransformsRequest.php(31): Illuminate\\Routing\\Pipeline->Illuminate\\Routing\\{closure}(Object(Illuminate\\Http\\Request))
#37 /home/vagrant/dad/projetoDAD/vendor/laravel/framework/src/Illuminate/Pipeline/Pipeline.php(151): Illuminate\\Foundation\\Http\\Middleware\\TransformsRequest->handle(Object(Illuminate\\Http\\Request), Object(Closure))
#38 /home/vagrant/dad/projetoDAD/vendor/laravel/framework/src/Illuminate/Routing/Pipeline.php(53): Illuminate\\Pipeline\\Pipeline->Illuminate\\Pipeline\\{closure}(Object(Illuminate\\Http\\Request))
#39 /home/vagrant/dad/projetoDAD/vendor/laravel/framework/src/Illuminate/Foundation/Http/Middleware/TransformsRequest.php(31): Illuminate\\Routing\\Pipeline->Illuminate\\Routing\\{closure}(Object(Illuminate\\Http\\Request))
#40 /home/vagrant/dad/projetoDAD/vendor/laravel/framework/src/Illuminate/Pipeline/Pipeline.php(151): Illuminate\\Foundation\\Http\\Middleware\\TransformsRequest->handle(Object(Illuminate\\Http\\Request), Object(Closure))
#41 /home/vagrant/dad/projetoDAD/vendor/laravel/framework/src/Illuminate/Routing/Pipeline.php(53): Illuminate\\Pipeline\\Pipeline->Illuminate\\Pipeline\\{closure}(Object(Illuminate\\Http\\Request))
#42 /home/vagrant/dad/projetoDAD/vendor/laravel/framework/src/Illuminate/Foundation/Http/Middleware/ValidatePostSize.php(27): Illuminate\\Routing\\Pipeline->Illuminate\\Routing\\{closure}(Object(Illuminate\\Http\\Request))
#43 /home/vagrant/dad/projetoDAD/vendor/laravel/framework/src/Illuminate/Pipeline/Pipeline.php(151): Illuminate\\Foundation\\Http\\Middleware\\ValidatePostSize->handle(Object(Illuminate\\Http\\Request), Object(Closure))
#44 /home/vagrant/dad/projetoDAD/vendor/laravel/framework/src/Illuminate/Routing/Pipeline.php(53): Illuminate\\Pipeline\\Pipeline->Illuminate\\Pipeline\\{closure}(Object(Illuminate\\Http\\Request))
#45 /home/vagrant/dad/projetoDAD/vendor/laravel/framework/src/Illuminate/Foundation/Http/Middleware/CheckForMaintenanceMode.php(62): Illuminate\\Routing\\Pipeline->Illuminate\\Routing\\{closure}(Object(Illuminate\\Http\\Request))
#46 /home/vagrant/dad/projetoDAD/vendor/laravel/framework/src/Illuminate/Pipeline/Pipeline.php(151): Illuminate\\Foundation\\Http\\Middleware\\CheckForMaintenanceMode->handle(Object(Illuminate\\Http\\Request), Object(Closure))
#47 /home/vagrant/dad/projetoDAD/vendor/laravel/framework/src/Illuminate/Routing/Pipeline.php(53): Illuminate\\Pipeline\\Pipeline->Illuminate\\Pipeline\\{closure}(Object(Illuminate\\Http\\Request))
#48 /home/vagrant/dad/projetoDAD/vendor/laravel/framework/src/Illuminate/Pipeline/Pipeline.php(104): Illuminate\\Routing\\Pipeline->Illuminate\\Routing\\{closure}(Object(Illuminate\\Http\\Request))
#49 /home/vagrant/dad/projetoDAD/vendor/laravel/framework/src/Illuminate/Foundation/Http/Kernel.php(151): Illuminate\\Pipeline\\Pipeline->then(Object(Closure))
#50 /home/vagrant/dad/projetoDAD/vendor/laravel/framework/src/Illuminate/Foundation/Http/Kernel.php(116): Illuminate\\Foundation\\Http\\Kernel->sendRequestThroughRouter(Object(Illuminate\\Http\\Request))
#51 /home/vagrant/dad/projetoDAD/public/index.php(55): Illuminate\\Foundation\\Http\\Kernel->handle(Object(Illuminate\\Http\\Request))
#52 {main}
"} 
[2018-12-18 19:59:25] local.ERROR: SQLSTATE[HY000]: General error: 1364 Field 'responsible_cook_id' doesn't have a default value (SQL: insert into `orders` (`state`, `item_id`, `meal_id`, `start`, `updated_at`, `created_at`) values (pending, 13, 39683, 2018-12-18 19:59:25, 2018-12-18 19:59:25, 2018-12-18 19:59:25)) {"exception":"[object] (Illuminate\\Database\\QueryException(code: HY000): SQLSTATE[HY000]: General error: 1364 Field 'responsible_cook_id' doesn't have a default value (SQL: insert into `orders` (`state`, `item_id`, `meal_id`, `start`, `updated_at`, `created_at`) values (pending, 13, 39683, 2018-12-18 19:59:25, 2018-12-18 19:59:25, 2018-12-18 19:59:25)) at /home/vagrant/dad/projetoDAD/vendor/laravel/framework/src/Illuminate/Database/Connection.php:664, Doctrine\\DBAL\\Driver\\PDOException(code: HY000): SQLSTATE[HY000]: General error: 1364 Field 'responsible_cook_id' doesn't have a default value at /home/vagrant/dad/projetoDAD/vendor/doctrine/dbal/lib/Doctrine/DBAL/Driver/PDOStatement.php:119, PDOException(code: HY000): SQLSTATE[HY000]: General error: 1364 Field 'responsible_cook_id' doesn't have a default value at /home/vagrant/dad/projetoDAD/vendor/doctrine/dbal/lib/Doctrine/DBAL/Driver/PDOStatement.php:117)
[stacktrace]
#0 /home/vagrant/dad/projetoDAD/vendor/laravel/framework/src/Illuminate/Database/Connection.php(624): Illuminate\\Database\\Connection->runQueryCallback('insert into `or...', Array, Object(Closure))
#1 /home/vagrant/dad/projetoDAD/vendor/laravel/framework/src/Illuminate/Database/Connection.php(459): Illuminate\\Database\\Connection->run('insert into `or...', Array, Object(Closure))
#2 /home/vagrant/dad/projetoDAD/vendor/laravel/framework/src/Illuminate/Database/Connection.php(411): Illuminate\\Database\\Connection->statement('insert into `or...', Array)
#3 /home/vagrant/dad/projetoDAD/vendor/laravel/framework/src/Illuminate/Database/Query/Processors/Processor.php(32): Illuminate\\Database\\Connection->insert('insert into `or...', Array)
#4 /home/vagrant/dad/projetoDAD/vendor/laravel/framework/src/Illuminate/Database/Query/Builder.php(2615): Illuminate\\Database\\Query\\Processors\\Processor->processInsertGetId(Object(Illuminate\\Database\\Query\\Builder), 'insert into `or...', Array, 'id')
#5 /home/vagrant/dad/projetoDAD/vendor/laravel/framework/src/Illuminate/Database/Eloquent/Builder.php(1318): Illuminate\\Database\\Query\\Builder->insertGetId(Array, 'id')
#6 /home/vagrant/dad/projetoDAD/vendor/laravel/framework/src/Illuminate/Database/Eloquent/Model.php(823): Illuminate\\Database\\Eloquent\\Builder->__call('insertGetId', Array)
#7 /home/vagrant/dad/projetoDAD/vendor/laravel/framework/src/Illuminate/Database/Eloquent/Model.php(788): Illuminate\\Database\\Eloquent\\Model->insertAndSetId(Object(Illuminate\\Database\\Eloquent\\Builder), Array)
#8 /home/vagrant/dad/projetoDAD/vendor/laravel/framework/src/Illuminate/Database/Eloquent/Model.php(651): Illuminate\\Database\\Eloquent\\Model->performInsert(Object(Illuminate\\Database\\Eloquent\\Builder))
#9 /home/vagrant/dad/projetoDAD/app/Http/Controllers/OrdersController.php(89): Illuminate\\Database\\Eloquent\\Model->save()
#10 [internal function]: App\\Http\\Controllers\\OrdersController->storeMultiple(Object(Illuminate\\Http\\Request))
#11 /home/vagrant/dad/projetoDAD/vendor/laravel/framework/src/Illuminate/Routing/Controller.php(54): call_user_func_array(Array, Array)
#12 /home/vagrant/dad/projetoDAD/vendor/laravel/framework/src/Illuminate/Routing/ControllerDispatcher.php(45): Illuminate\\Routing\\Controller->callAction('storeMultiple', Array)
#13 /home/vagrant/dad/projetoDAD/vendor/laravel/framework/src/Illuminate/Routing/Route.php(212): Illuminate\\Routing\\ControllerDispatcher->dispatch(Object(Illuminate\\Routing\\Route), Object(App\\Http\\Controllers\\OrdersController), 'storeMultiple')
#14 /home/vagrant/dad/projetoDAD/vendor/laravel/framework/src/Illuminate/Routing/Route.php(169): Illuminate\\Routing\\Route->runController()
#15 /home/vagrant/dad/projetoDAD/vendor/laravel/framework/src/Illuminate/Routing/Router.php(682): Illuminate\\Routing\\Route->run()
#16 /home/vagrant/dad/projetoDAD/vendor/laravel/framework/src/Illuminate/Routing/Pipeline.php(30): Illuminate\\Routing\\Router->Illuminate\\Routing\\{closure}(Object(Illuminate\\Http\\Request))
#17 /home/vagrant/dad/projetoDAD/vendor/laravel/framework/src/Illuminate/Routing/Middleware/SubstituteBindings.php(41): Illuminate\\Routing\\Pipeline->Illuminate\\Routing\\{closure}(Object(Illuminate\\Http\\Request))
#18 /home/vagrant/dad/projetoDAD/vendor/laravel/framework/src/Illuminate/Pipeline/Pipeline.php(151): Illuminate\\Routing\\Middleware\\SubstituteBindings->handle(Object(Illuminate\\Http\\Request), Object(Closure))
#19 /home/vagrant/dad/projetoDAD/vendor/laravel/framework/src/Illuminate/Routing/Pipeline.php(53): Illuminate\\Pipeline\\Pipeline->Illuminate\\Pipeline\\{closure}(Object(Illuminate\\Http\\Request))
#20 /home/vagrant/dad/projetoDAD/vendor/laravel/framework/src/Illuminate/Routing/Middleware/ThrottleRequests.php(58): Illuminate\\Routing\\Pipeline->Illuminate\\Routing\\{closure}(Object(Illuminate\\Http\\Request))
#21 /home/vagrant/dad/projetoDAD/vendor/laravel/framework/src/Illuminate/Pipeline/Pipeline.php(151): Illuminate\\Routing\\Middleware\\ThrottleRequests->handle(Object(Illuminate\\Http\\Request), Object(Closure), 60, '1')
#22 /home/vagrant/dad/projetoDAD/vendor/laravel/framework/src/Illuminate/Routing/Pipeline.php(53): Illuminate\\Pipeline\\Pipeline->Illuminate\\Pipeline\\{closure}(Object(Illuminate\\Http\\Request))
#23 /home/vagrant/dad/projetoDAD/vendor/laravel/framework/src/Illuminate/Pipeline/Pipeline.php(104): Illuminate\\Routing\\Pipeline->Illuminate\\Routing\\{closure}(Object(Illuminate\\Http\\Request))
#24 /home/vagrant/dad/projetoDAD/vendor/laravel/framework/src/Illuminate/Routing/Router.php(684): Illuminate\\Pipeline\\Pipeline->then(Object(Closure))
#25 /home/vagrant/dad/projetoDAD/vendor/laravel/framework/src/Illuminate/Routing/Router.php(659): Illuminate\\Routing\\Router->runRouteWithinStack(Object(Illuminate\\Routing\\Route), Object(Illuminate\\Http\\Request))
#26 /home/vagrant/dad/projetoDAD/vendor/laravel/framework/src/Illuminate/Routing/Router.php(625): Illuminate\\Routing\\Router->runRoute(Object(Illuminate\\Http\\Request), Object(Illuminate\\Routing\\Route))
#27 /home/vagrant/dad/projetoDAD/vendor/laravel/framework/src/Illuminate/Routing/Router.php(614): Illuminate\\Routing\\Router->dispatchToRoute(Object(Illuminate\\Http\\Request))
#28 /home/vagrant/dad/projetoDAD/vendor/laravel/framework/src/Illuminate/Foundation/Http/Kernel.php(176): Illuminate\\Routing\\Router->dispatch(Object(Illuminate\\Http\\Request))
#29 /home/vagrant/dad/projetoDAD/vendor/laravel/framework/src/Illuminate/Routing/Pipeline.php(30): Illuminate\\Foundation\\Http\\Kernel->Illuminate\\Foundation\\Http\\{closure}(Object(Illuminate\\Http\\Request))
#30 /home/vagrant/dad/projetoDAD/vendor/barryvdh/laravel-debugbar/src/Middleware/InjectDebugbar.php(65): Illuminate\\Routing\\Pipeline->Illuminate\\Routing\\{closure}(Object(Illuminate\\Http\\Request))
#31 /home/vagrant/dad/projetoDAD/vendor/laravel/framework/src/Illuminate/Pipeline/Pipeline.php(151): Barryvdh\\Debugbar\\Middleware\\InjectDebugbar->handle(Object(Illuminate\\Http\\Request), Object(Closure))
#32 /home/vagrant/dad/projetoDAD/vendor/laravel/framework/src/Illuminate/Routing/Pipeline.php(53): Illuminate\\Pipeline\\Pipeline->Illuminate\\Pipeline\\{closure}(Object(Illuminate\\Http\\Request))
#33 /home/vagrant/dad/projetoDAD/vendor/fideloper/proxy/src/TrustProxies.php(57): Illuminate\\Routing\\Pipeline->Illuminate\\Routing\\{closure}(Object(Illuminate\\Http\\Request))
#34 /home/vagrant/dad/projetoDAD/vendor/laravel/framework/src/Illuminate/Pipeline/Pipeline.php(151): Fideloper\\Proxy\\TrustProxies->handle(Object(Illuminate\\Http\\Request), Object(Closure))
#35 /home/vagrant/dad/projetoDAD/vendor/laravel/framework/src/Illuminate/Routing/Pipeline.php(53): Illuminate\\Pipeline\\Pipeline->Illuminate\\Pipeline\\{closure}(Object(Illuminate\\Http\\Request))
#36 /home/vagrant/dad/projetoDAD/vendor/laravel/framework/src/Illuminate/Foundation/Http/Middleware/TransformsRequest.php(31): Illuminate\\Routing\\Pipeline->Illuminate\\Routing\\{closure}(Object(Illuminate\\Http\\Request))
#37 /home/vagrant/dad/projetoDAD/vendor/laravel/framework/src/Illuminate/Pipeline/Pipeline.php(151): Illuminate\\Foundation\\Http\\Middleware\\TransformsRequest->handle(Object(Illuminate\\Http\\Request), Object(Closure))
#38 /home/vagrant/dad/projetoDAD/vendor/laravel/framework/src/Illuminate/Routing/Pipeline.php(53): Illuminate\\Pipeline\\Pipeline->Illuminate\\Pipeline\\{closure}(Object(Illuminate\\Http\\Request))
#39 /home/vagrant/dad/projetoDAD/vendor/laravel/framework/src/Illuminate/Foundation/Http/Middleware/TransformsRequest.php(31): Illuminate\\Routing\\Pipeline->Illuminate\\Routing\\{closure}(Object(Illuminate\\Http\\Request))
#40 /home/vagrant/dad/projetoDAD/vendor/laravel/framework/src/Illuminate/Pipeline/Pipeline.php(151): Illuminate\\Foundation\\Http\\Middleware\\TransformsRequest->handle(Object(Illuminate\\Http\\Request), Object(Closure))
#41 /home/vagrant/dad/projetoDAD/vendor/laravel/framework/src/Illuminate/Routing/Pipeline.php(53): Illuminate\\Pipeline\\Pipeline->Illuminate\\Pipeline\\{closure}(Object(Illuminate\\Http\\Request))
#42 /home/vagrant/dad/projetoDAD/vendor/laravel/framework/src/Illuminate/Foundation/Http/Middleware/ValidatePostSize.php(27): Illuminate\\Routing\\Pipeline->Illuminate\\Routing\\{closure}(Object(Illuminate\\Http\\Request))
#43 /home/vagrant/dad/projetoDAD/vendor/laravel/framework/src/Illuminate/Pipeline/Pipeline.php(151): Illuminate\\Foundation\\Http\\Middleware\\ValidatePostSize->handle(Object(Illuminate\\Http\\Request), Object(Closure))
#44 /home/vagrant/dad/projetoDAD/vendor/laravel/framework/src/Illuminate/Routing/Pipeline.php(53): Illuminate\\Pipeline\\Pipeline->Illuminate\\Pipeline\\{closure}(Object(Illuminate\\Http\\Request))
#45 /home/vagrant/dad/projetoDAD/vendor/laravel/framework/src/Illuminate/Foundation/Http/Middleware/CheckForMaintenanceMode.php(62): Illuminate\\Routing\\Pipeline->Illuminate\\Routing\\{closure}(Object(Illuminate\\Http\\Request))
#46 /home/vagrant/dad/projetoDAD/vendor/laravel/framework/src/Illuminate/Pipeline/Pipeline.php(151): Illuminate\\Foundation\\Http\\Middleware\\CheckForMaintenanceMode->handle(Object(Illuminate\\Http\\Request), Object(Closure))
#47 /home/vagrant/dad/projetoDAD/vendor/laravel/framework/src/Illuminate/Routing/Pipeline.php(53): Illuminate\\Pipeline\\Pipeline->Illuminate\\Pipeline\\{closure}(Object(Illuminate\\Http\\Request))
#48 /home/vagrant/dad/projetoDAD/vendor/laravel/framework/src/Illuminate/Pipeline/Pipeline.php(104): Illuminate\\Routing\\Pipeline->Illuminate\\Routing\\{closure}(Object(Illuminate\\Http\\Request))
#49 /home/vagrant/dad/projetoDAD/vendor/laravel/framework/src/Illuminate/Foundation/Http/Kernel.php(151): Illuminate\\Pipeline\\Pipeline->then(Object(Closure))
#50 /home/vagrant/dad/projetoDAD/vendor/laravel/framework/src/Illuminate/Foundation/Http/Kernel.php(116): Illuminate\\Foundation\\Http\\Kernel->sendRequestThroughRouter(Object(Illuminate\\Http\\Request))
#51 /home/vagrant/dad/projetoDAD/public/index.php(55): Illuminate\\Foundation\\Http\\Kernel->handle(Object(Illuminate\\Http\\Request))
#52 {main}
"} 
[2018-12-18 20:02:36] local.ERROR: Cannot use App\Http\Resources\InvoiceItems as InvoiceItems because the name is already in use {"exception":"[object] (Symfony\\Component\\Debug\\Exception\\FatalErrorException(code: 64): Cannot use App\\Http\\Resources\\InvoiceItems as InvoiceItems because the name is already in use at /home/vagrant/dad/projetoDAD/app/Http/Controllers/InvoicesController.php:10)
[stacktrace]
#0 /home/vagrant/dad/projetoDAD/vendor/laravel/framework/src/Illuminate/Foundation/Bootstrap/HandleExceptions.php(137): Symfony\\Component\\Debug\\Exception\\FatalErrorException->__construct()
#1 /home/vagrant/dad/projetoDAD/vendor/laravel/framework/src/Illuminate/Foundation/Bootstrap/HandleExceptions.php(123): Illuminate\\Foundation\\Bootstrap\\HandleExceptions->fatalExceptionFromError()
#2 /home/vagrant/dad/projetoDAD/vendor/laravel/framework/src/Illuminate/Foundation/Bootstrap/HandleExceptions.php(0): Illuminate\\Foundation\\Bootstrap\\HandleExceptions->handleShutdown()
#3 /home/vagrant/dad/projetoDAD/vendor/composer/ClassLoader.php(322): Composer\\Autoload\\includeFile()
#4 /home/vagrant/dad/projetoDAD/vendor/laravel/framework/src/Illuminate/Container/Container.php(779): Composer\\Autoload\\ClassLoader->loadClass()
#5 /home/vagrant/dad/projetoDAD/vendor/laravel/framework/src/Illuminate/Container/Container.php(779): spl_autoload_call()
#6 /home/vagrant/dad/projetoDAD/vendor/laravel/framework/src/Illuminate/Container/Container.php(779): ReflectionClass->__construct()
#7 /home/vagrant/dad/projetoDAD/vendor/laravel/framework/src/Illuminate/Container/Container.php(658): Illuminate\\Foundation\\Application->build()
#8 /home/vagrant/dad/projetoDAD/vendor/laravel/framework/src/Illuminate/Container/Container.php(609): Illuminate\\Foundation\\Application->resolve()
#9 /home/vagrant/dad/projetoDAD/vendor/laravel/framework/src/Illuminate/Foundation/Application.php(735): Illuminate\\Foundation\\Application->make()
#10 /home/vagrant/dad/projetoDAD/vendor/laravel/framework/src/Illuminate/Routing/Route.php(226): Illuminate\\Foundation\\Application->make()
#11 /home/vagrant/dad/projetoDAD/vendor/laravel/framework/src/Illuminate/Routing/Route.php(796): Illuminate\\Routing\\Route->getController()
#12 /home/vagrant/dad/projetoDAD/vendor/laravel/framework/src/Illuminate/Routing/Route.php(757): Illuminate\\Routing\\Route->controllerMiddleware()
#13 /home/vagrant/dad/projetoDAD/vendor/laravel/framework/src/Illuminate/Routing/Router.php(695): Illuminate\\Routing\\Route->gatherMiddleware()
#14 /home/vagrant/dad/projetoDAD/vendor/laravel/framework/src/Illuminate/Routing/Router.php(675): Illuminate\\Routing\\Router->gatherRouteMiddleware()
#15 /home/vagrant/dad/projetoDAD/vendor/laravel/framework/src/Illuminate/Routing/Router.php(659): Illuminate\\Routing\\Router->runRouteWithinStack()
#16 /home/vagrant/dad/projetoDAD/vendor/laravel/framework/src/Illuminate/Routing/Router.php(625): Illuminate\\Routing\\Router->runRoute()
#17 /home/vagrant/dad/projetoDAD/vendor/laravel/framework/src/Illuminate/Routing/Router.php(614): Illuminate\\Routing\\Router->dispatchToRoute()
#18 /home/vagrant/dad/projetoDAD/vendor/laravel/framework/src/Illuminate/Foundation/Http/Kernel.php(176): Illuminate\\Routing\\Router->dispatch()
#19 /home/vagrant/dad/projetoDAD/vendor/laravel/framework/src/Illuminate/Routing/Pipeline.php(30): App\\Http\\Kernel->Illuminate\\Foundation\\Http\\{closure}()
#20 /home/vagrant/dad/projetoDAD/vendor/barryvdh/laravel-debugbar/src/Middleware/InjectDebugbar.php(65): Illuminate\\Routing\\Pipeline->Illuminate\\Routing\\{closure}()
#21 /home/vagrant/dad/projetoDAD/vendor/laravel/framework/src/Illuminate/Pipeline/Pipeline.php(151): Barryvdh\\Debugbar\\Middleware\\InjectDebugbar->handle()
#22 /home/vagrant/dad/projetoDAD/vendor/laravel/framework/src/Illuminate/Routing/Pipeline.php(53): Illuminate\\Routing\\Pipeline->Illuminate\\Pipeline\\{closure}()
#23 /home/vagrant/dad/projetoDAD/vendor/fideloper/proxy/src/TrustProxies.php(57): Illuminate\\Routing\\Pipeline->Illuminate\\Routing\\{closure}()
#24 /home/vagrant/dad/projetoDAD/vendor/laravel/framework/src/Illuminate/Pipeline/Pipeline.php(151): App\\Http\\Middleware\\TrustProxies->handle()
#25 /home/vagrant/dad/projetoDAD/vendor/laravel/framework/src/Illuminate/Routing/Pipeline.php(53): Illuminate\\Routing\\Pipeline->Illuminate\\Pipeline\\{closure}()
#26 /home/vagrant/dad/projetoDAD/vendor/laravel/framework/src/Illuminate/Foundation/Http/Middleware/TransformsRequest.php(31): Illuminate\\Routing\\Pipeline->Illuminate\\Routing\\{closure}()
#27 /home/vagrant/dad/projetoDAD/vendor/laravel/framework/src/Illuminate/Pipeline/Pipeline.php(151): Illuminate\\Foundation\\Http\\Middleware\\ConvertEmptyStringsToNull->handle()
#28 /home/vagrant/dad/projetoDAD/vendor/laravel/framework/src/Illuminate/Routing/Pipeline.php(53): Illuminate\\Routing\\Pipeline->Illuminate\\Pipeline\\{closure}()
#29 /home/vagrant/dad/projetoDAD/vendor/laravel/framework/src/Illuminate/Foundation/Http/Middleware/TransformsRequest.php(31): Illuminate\\Routing\\Pipeline->Illuminate\\Routing\\{closure}()
#30 /home/vagrant/dad/projetoDAD/vendor/laravel/framework/src/Illuminate/Pipeline/Pipeline.php(151): App\\Http\\Middleware\\TrimStrings->handle()
#31 /home/vagrant/dad/projetoDAD/vendor/laravel/framework/src/Illuminate/Routing/Pipeline.php(53): Illuminate\\Routing\\Pipeline->Illuminate\\Pipeline\\{closure}()
#32 /home/vagrant/dad/projetoDAD/vendor/laravel/framework/src/Illuminate/Foundation/Http/Middleware/ValidatePostSize.php(27): Illuminate\\Routing\\Pipeline->Illuminate\\Routing\\{closure}()
#33 /home/vagrant/dad/projetoDAD/vendor/laravel/framework/src/Illuminate/Pipeline/Pipeline.php(151): Illuminate\\Foundation\\Http\\Middleware\\ValidatePostSize->handle()
#34 /home/vagrant/dad/projetoDAD/vendor/laravel/framework/src/Illuminate/Routing/Pipeline.php(53): Illuminate\\Routing\\Pipeline->Illuminate\\Pipeline\\{closure}()
#35 /home/vagrant/dad/projetoDAD/vendor/laravel/framework/src/Illuminate/Foundation/Http/Middleware/CheckForMaintenanceMode.php(62): Illuminate\\Routing\\Pipeline->Illuminate\\Routing\\{closure}()
#36 /home/vagrant/dad/projetoDAD/vendor/laravel/framework/src/Illuminate/Pipeline/Pipeline.php(151): App\\Http\\Middleware\\CheckForMaintenanceMode->handle()
#37 /home/vagrant/dad/projetoDAD/vendor/laravel/framework/src/Illuminate/Routing/Pipeline.php(53): Illuminate\\Routing\\Pipeline->Illuminate\\Pipeline\\{closure}()
#38 /home/vagrant/dad/projetoDAD/vendor/laravel/framework/src/Illuminate/Pipeline/Pipeline.php(104): Illuminate\\Routing\\Pipeline->Illuminate\\Routing\\{closure}()
#39 /home/vagrant/dad/projetoDAD/vendor/laravel/framework/src/Illuminate/Foundation/Http/Kernel.php(151): Illuminate\\Routing\\Pipeline->then()
#40 /home/vagrant/dad/projetoDAD/vendor/laravel/framework/src/Illuminate/Foundation/Http/Kernel.php(116): App\\Http\\Kernel->sendRequestThroughRouter()
#41 /home/vagrant/dad/projetoDAD/public/index.php(55): App\\Http\\Kernel->handle()
#42 /home/vagrant/dad/projetoDAD/public/index.php(0): {main}()
#43 {main}
"} 
[2018-12-18 20:10:05] local.ERROR: The user credentials were incorrect. {"exception":"[object] (League\\OAuth2\\Server\\Exception\\OAuthServerException(code: 6): The user credentials were incorrect. at /home/vagrant/dad/projetoDAD/vendor/league/oauth2-server/src/Exception/OAuthServerException.php:164)
[stacktrace]
#0 /home/vagrant/dad/projetoDAD/vendor/league/oauth2-server/src/Grant/PasswordGrant.php(103): League\\OAuth2\\Server\\Exception\\OAuthServerException::invalidCredentials()
#1 /home/vagrant/dad/projetoDAD/vendor/league/oauth2-server/src/Grant/PasswordGrant.php(54): League\\OAuth2\\Server\\Grant\\PasswordGrant->validateUser(Object(Zend\\Diactoros\\ServerRequest), Object(Laravel\\Passport\\Bridge\\Client))
#2 /home/vagrant/dad/projetoDAD/vendor/league/oauth2-server/src/AuthorizationServer.php(198): League\\OAuth2\\Server\\Grant\\PasswordGrant->respondToAccessTokenRequest(Object(Zend\\Diactoros\\ServerRequest), Object(League\\OAuth2\\Server\\ResponseTypes\\BearerTokenResponse), Object(DateInterval))
#3 /home/vagrant/dad/projetoDAD/vendor/laravel/passport/src/Http/Controllers/AccessTokenController.php(63): League\\OAuth2\\Server\\AuthorizationServer->respondToAccessTokenRequest(Object(Zend\\Diactoros\\ServerRequest), Object(Zend\\Diactoros\\Response))
#4 /home/vagrant/dad/projetoDAD/vendor/laravel/passport/src/Http/Controllers/HandlesOAuthErrors.php(28): Laravel\\Passport\\Http\\Controllers\\AccessTokenController->Laravel\\Passport\\Http\\Controllers\\{closure}()
#5 /home/vagrant/dad/projetoDAD/vendor/laravel/passport/src/Http/Controllers/AccessTokenController.php(65): Laravel\\Passport\\Http\\Controllers\\AccessTokenController->withErrorHandling(Object(Closure))
#6 /home/vagrant/dad/projetoDAD/vendor/laravel/framework/src/Illuminate/Routing/ControllerDispatcher.php(48): Laravel\\Passport\\Http\\Controllers\\AccessTokenController->issueToken(Object(Zend\\Diactoros\\ServerRequest))
#7 /home/vagrant/dad/projetoDAD/vendor/laravel/framework/src/Illuminate/Routing/Route.php(212): Illuminate\\Routing\\ControllerDispatcher->dispatch(Object(Illuminate\\Routing\\Route), Object(Laravel\\Passport\\Http\\Controllers\\AccessTokenController), 'issueToken')
#8 /home/vagrant/dad/projetoDAD/vendor/laravel/framework/src/Illuminate/Routing/Route.php(169): Illuminate\\Routing\\Route->runController()
#9 /home/vagrant/dad/projetoDAD/vendor/laravel/framework/src/Illuminate/Routing/Router.php(682): Illuminate\\Routing\\Route->run()
#10 /home/vagrant/dad/projetoDAD/vendor/laravel/framework/src/Illuminate/Routing/Pipeline.php(30): Illuminate\\Routing\\Router->Illuminate\\Routing\\{closure}(Object(Illuminate\\Http\\Request))
#11 /home/vagrant/dad/projetoDAD/vendor/laravel/framework/src/Illuminate/Routing/Middleware/ThrottleRequests.php(58): Illuminate\\Routing\\Pipeline->Illuminate\\Routing\\{closure}(Object(Illuminate\\Http\\Request))
#12 /home/vagrant/dad/projetoDAD/vendor/laravel/framework/src/Illuminate/Pipeline/Pipeline.php(151): Illuminate\\Routing\\Middleware\\ThrottleRequests->handle(Object(Illuminate\\Http\\Request), Object(Closure))
#13 /home/vagrant/dad/projetoDAD/vendor/laravel/framework/src/Illuminate/Routing/Pipeline.php(53): Illuminate\\Pipeline\\Pipeline->Illuminate\\Pipeline\\{closure}(Object(Illuminate\\Http\\Request))
#14 /home/vagrant/dad/projetoDAD/vendor/laravel/framework/src/Illuminate/Pipeline/Pipeline.php(104): Illuminate\\Routing\\Pipeline->Illuminate\\Routing\\{closure}(Object(Illuminate\\Http\\Request))
#15 /home/vagrant/dad/projetoDAD/vendor/laravel/framework/src/Illuminate/Routing/Router.php(684): Illuminate\\Pipeline\\Pipeline->then(Object(Closure))
#16 /home/vagrant/dad/projetoDAD/vendor/laravel/framework/src/Illuminate/Routing/Router.php(659): Illuminate\\Routing\\Router->runRouteWithinStack(Object(Illuminate\\Routing\\Route), Object(Illuminate\\Http\\Request))
#17 /home/vagrant/dad/projetoDAD/vendor/laravel/framework/src/Illuminate/Routing/Router.php(625): Illuminate\\Routing\\Router->runRoute(Object(Illuminate\\Http\\Request), Object(Illuminate\\Routing\\Route))
#18 /home/vagrant/dad/projetoDAD/vendor/laravel/framework/src/Illuminate/Routing/Router.php(614): Illuminate\\Routing\\Router->dispatchToRoute(Object(Illuminate\\Http\\Request))
#19 /home/vagrant/dad/projetoDAD/vendor/laravel/framework/src/Illuminate/Foundation/Http/Kernel.php(176): Illuminate\\Routing\\Router->dispatch(Object(Illuminate\\Http\\Request))
#20 /home/vagrant/dad/projetoDAD/vendor/laravel/framework/src/Illuminate/Routing/Pipeline.php(30): Illuminate\\Foundation\\Http\\Kernel->Illuminate\\Foundation\\Http\\{closure}(Object(Illuminate\\Http\\Request))
#21 /home/vagrant/dad/projetoDAD/vendor/barryvdh/laravel-debugbar/src/Middleware/InjectDebugbar.php(65): Illuminate\\Routing\\Pipeline->Illuminate\\Routing\\{closure}(Object(Illuminate\\Http\\Request))
#22 /home/vagrant/dad/projetoDAD/vendor/laravel/framework/src/Illuminate/Pipeline/Pipeline.php(151): Barryvdh\\Debugbar\\Middleware\\InjectDebugbar->handle(Object(Illuminate\\Http\\Request), Object(Closure))
#23 /home/vagrant/dad/projetoDAD/vendor/laravel/framework/src/Illuminate/Routing/Pipeline.php(53): Illuminate\\Pipeline\\Pipeline->Illuminate\\Pipeline\\{closure}(Object(Illuminate\\Http\\Request))
#24 /home/vagrant/dad/projetoDAD/vendor/fideloper/proxy/src/TrustProxies.php(57): Illuminate\\Routing\\Pipeline->Illuminate\\Routing\\{closure}(Object(Illuminate\\Http\\Request))
#25 /home/vagrant/dad/projetoDAD/vendor/laravel/framework/src/Illuminate/Pipeline/Pipeline.php(151): Fideloper\\Proxy\\TrustProxies->handle(Object(Illuminate\\Http\\Request), Object(Closure))
#26 /home/vagrant/dad/projetoDAD/vendor/laravel/framework/src/Illuminate/Routing/Pipeline.php(53): Illuminate\\Pipeline\\Pipeline->Illuminate\\Pipeline\\{closure}(Object(Illuminate\\Http\\Request))
#27 /home/vagrant/dad/projetoDAD/vendor/laravel/framework/src/Illuminate/Foundation/Http/Middleware/TransformsRequest.php(31): Illuminate\\Routing\\Pipeline->Illuminate\\Routing\\{closure}(Object(Illuminate\\Http\\Request))
#28 /home/vagrant/dad/projetoDAD/vendor/laravel/framework/src/Illuminate/Pipeline/Pipeline.php(151): Illuminate\\Foundation\\Http\\Middleware\\TransformsRequest->handle(Object(Illuminate\\Http\\Request), Object(Closure))
#29 /home/vagrant/dad/projetoDAD/vendor/laravel/framework/src/Illuminate/Routing/Pipeline.php(53): Illuminate\\Pipeline\\Pipeline->Illuminate\\Pipeline\\{closure}(Object(Illuminate\\Http\\Request))
#30 /home/vagrant/dad/projetoDAD/vendor/laravel/framework/src/Illuminate/Foundation/Http/Middleware/TransformsRequest.php(31): Illuminate\\Routing\\Pipeline->Illuminate\\Routing\\{closure}(Object(Illuminate\\Http\\Request))
#31 /home/vagrant/dad/projetoDAD/vendor/laravel/framework/src/Illuminate/Pipeline/Pipeline.php(151): Illuminate\\Foundation\\Http\\Middleware\\TransformsRequest->handle(Object(Illuminate\\Http\\Request), Object(Closure))
#32 /home/vagrant/dad/projetoDAD/vendor/laravel/framework/src/Illuminate/Routing/Pipeline.php(53): Illuminate\\Pipeline\\Pipeline->Illuminate\\Pipeline\\{closure}(Object(Illuminate\\Http\\Request))
#33 /home/vagrant/dad/projetoDAD/vendor/laravel/framework/src/Illuminate/Foundation/Http/Middleware/ValidatePostSize.php(27): Illuminate\\Routing\\Pipeline->Illuminate\\Routing\\{closure}(Object(Illuminate\\Http\\Request))
#34 /home/vagrant/dad/projetoDAD/vendor/laravel/framework/src/Illuminate/Pipeline/Pipeline.php(151): Illuminate\\Foundation\\Http\\Middleware\\ValidatePostSize->handle(Object(Illuminate\\Http\\Request), Object(Closure))
#35 /home/vagrant/dad/projetoDAD/vendor/laravel/framework/src/Illuminate/Routing/Pipeline.php(53): Illuminate\\Pipeline\\Pipeline->Illuminate\\Pipeline\\{closure}(Object(Illuminate\\Http\\Request))
#36 /home/vagrant/dad/projetoDAD/vendor/laravel/framework/src/Illuminate/Foundation/Http/Middleware/CheckForMaintenanceMode.php(62): Illuminate\\Routing\\Pipeline->Illuminate\\Routing\\{closure}(Object(Illuminate\\Http\\Request))
#37 /home/vagrant/dad/projetoDAD/vendor/laravel/framework/src/Illuminate/Pipeline/Pipeline.php(151): Illuminate\\Foundation\\Http\\Middleware\\CheckForMaintenanceMode->handle(Object(Illuminate\\Http\\Request), Object(Closure))
#38 /home/vagrant/dad/projetoDAD/vendor/laravel/framework/src/Illuminate/Routing/Pipeline.php(53): Illuminate\\Pipeline\\Pipeline->Illuminate\\Pipeline\\{closure}(Object(Illuminate\\Http\\Request))
#39 /home/vagrant/dad/projetoDAD/vendor/laravel/framework/src/Illuminate/Pipeline/Pipeline.php(104): Illuminate\\Routing\\Pipeline->Illuminate\\Routing\\{closure}(Object(Illuminate\\Http\\Request))
#40 /home/vagrant/dad/projetoDAD/vendor/laravel/framework/src/Illuminate/Foundation/Http/Kernel.php(151): Illuminate\\Pipeline\\Pipeline->then(Object(Closure))
#41 /home/vagrant/dad/projetoDAD/vendor/laravel/framework/src/Illuminate/Foundation/Http/Kernel.php(116): Illuminate\\Foundation\\Http\\Kernel->sendRequestThroughRouter(Object(Illuminate\\Http\\Request))
#42 /home/vagrant/dad/projetoDAD/public/index.php(55): Illuminate\\Foundation\\Http\\Kernel->handle(Object(Illuminate\\Http\\Request))
#43 {main}
"} 
[2018-12-18 20:10:09] local.ERROR: The user credentials were incorrect. {"exception":"[object] (League\\OAuth2\\Server\\Exception\\OAuthServerException(code: 6): The user credentials were incorrect. at /home/vagrant/dad/projetoDAD/vendor/league/oauth2-server/src/Exception/OAuthServerException.php:164)
[stacktrace]
#0 /home/vagrant/dad/projetoDAD/vendor/league/oauth2-server/src/Grant/PasswordGrant.php(103): League\\OAuth2\\Server\\Exception\\OAuthServerException::invalidCredentials()
#1 /home/vagrant/dad/projetoDAD/vendor/league/oauth2-server/src/Grant/PasswordGrant.php(54): League\\OAuth2\\Server\\Grant\\PasswordGrant->validateUser(Object(Zend\\Diactoros\\ServerRequest), Object(Laravel\\Passport\\Bridge\\Client))
#2 /home/vagrant/dad/projetoDAD/vendor/league/oauth2-server/src/AuthorizationServer.php(198): League\\OAuth2\\Server\\Grant\\PasswordGrant->respondToAccessTokenRequest(Object(Zend\\Diactoros\\ServerRequest), Object(League\\OAuth2\\Server\\ResponseTypes\\BearerTokenResponse), Object(DateInterval))
#3 /home/vagrant/dad/projetoDAD/vendor/laravel/passport/src/Http/Controllers/AccessTokenController.php(63): League\\OAuth2\\Server\\AuthorizationServer->respondToAccessTokenRequest(Object(Zend\\Diactoros\\ServerRequest), Object(Zend\\Diactoros\\Response))
#4 /home/vagrant/dad/projetoDAD/vendor/laravel/passport/src/Http/Controllers/HandlesOAuthErrors.php(28): Laravel\\Passport\\Http\\Controllers\\AccessTokenController->Laravel\\Passport\\Http\\Controllers\\{closure}()
#5 /home/vagrant/dad/projetoDAD/vendor/laravel/passport/src/Http/Controllers/AccessTokenController.php(65): Laravel\\Passport\\Http\\Controllers\\AccessTokenController->withErrorHandling(Object(Closure))
#6 /home/vagrant/dad/projetoDAD/vendor/laravel/framework/src/Illuminate/Routing/ControllerDispatcher.php(48): Laravel\\Passport\\Http\\Controllers\\AccessTokenController->issueToken(Object(Zend\\Diactoros\\ServerRequest))
#7 /home/vagrant/dad/projetoDAD/vendor/laravel/framework/src/Illuminate/Routing/Route.php(212): Illuminate\\Routing\\ControllerDispatcher->dispatch(Object(Illuminate\\Routing\\Route), Object(Laravel\\Passport\\Http\\Controllers\\AccessTokenController), 'issueToken')
#8 /home/vagrant/dad/projetoDAD/vendor/laravel/framework/src/Illuminate/Routing/Route.php(169): Illuminate\\Routing\\Route->runController()
#9 /home/vagrant/dad/projetoDAD/vendor/laravel/framework/src/Illuminate/Routing/Router.php(682): Illuminate\\Routing\\Route->run()
#10 /home/vagrant/dad/projetoDAD/vendor/laravel/framework/src/Illuminate/Routing/Pipeline.php(30): Illuminate\\Routing\\Router->Illuminate\\Routing\\{closure}(Object(Illuminate\\Http\\Request))
#11 /home/vagrant/dad/projetoDAD/vendor/laravel/framework/src/Illuminate/Routing/Middleware/ThrottleRequests.php(58): Illuminate\\Routing\\Pipeline->Illuminate\\Routing\\{closure}(Object(Illuminate\\Http\\Request))
#12 /home/vagrant/dad/projetoDAD/vendor/laravel/framework/src/Illuminate/Pipeline/Pipeline.php(151): Illuminate\\Routing\\Middleware\\ThrottleRequests->handle(Object(Illuminate\\Http\\Request), Object(Closure))
#13 /home/vagrant/dad/projetoDAD/vendor/laravel/framework/src/Illuminate/Routing/Pipeline.php(53): Illuminate\\Pipeline\\Pipeline->Illuminate\\Pipeline\\{closure}(Object(Illuminate\\Http\\Request))
#14 /home/vagrant/dad/projetoDAD/vendor/laravel/framework/src/Illuminate/Pipeline/Pipeline.php(104): Illuminate\\Routing\\Pipeline->Illuminate\\Routing\\{closure}(Object(Illuminate\\Http\\Request))
#15 /home/vagrant/dad/projetoDAD/vendor/laravel/framework/src/Illuminate/Routing/Router.php(684): Illuminate\\Pipeline\\Pipeline->then(Object(Closure))
#16 /home/vagrant/dad/projetoDAD/vendor/laravel/framework/src/Illuminate/Routing/Router.php(659): Illuminate\\Routing\\Router->runRouteWithinStack(Object(Illuminate\\Routing\\Route), Object(Illuminate\\Http\\Request))
#17 /home/vagrant/dad/projetoDAD/vendor/laravel/framework/src/Illuminate/Routing/Router.php(625): Illuminate\\Routing\\Router->runRoute(Object(Illuminate\\Http\\Request), Object(Illuminate\\Routing\\Route))
#18 /home/vagrant/dad/projetoDAD/vendor/laravel/framework/src/Illuminate/Routing/Router.php(614): Illuminate\\Routing\\Router->dispatchToRoute(Object(Illuminate\\Http\\Request))
#19 /home/vagrant/dad/projetoDAD/vendor/laravel/framework/src/Illuminate/Foundation/Http/Kernel.php(176): Illuminate\\Routing\\Router->dispatch(Object(Illuminate\\Http\\Request))
#20 /home/vagrant/dad/projetoDAD/vendor/laravel/framework/src/Illuminate/Routing/Pipeline.php(30): Illuminate\\Foundation\\Http\\Kernel->Illuminate\\Foundation\\Http\\{closure}(Object(Illuminate\\Http\\Request))
#21 /home/vagrant/dad/projetoDAD/vendor/barryvdh/laravel-debugbar/src/Middleware/InjectDebugbar.php(65): Illuminate\\Routing\\Pipeline->Illuminate\\Routing\\{closure}(Object(Illuminate\\Http\\Request))
#22 /home/vagrant/dad/projetoDAD/vendor/laravel/framework/src/Illuminate/Pipeline/Pipeline.php(151): Barryvdh\\Debugbar\\Middleware\\InjectDebugbar->handle(Object(Illuminate\\Http\\Request), Object(Closure))
#23 /home/vagrant/dad/projetoDAD/vendor/laravel/framework/src/Illuminate/Routing/Pipeline.php(53): Illuminate\\Pipeline\\Pipeline->Illuminate\\Pipeline\\{closure}(Object(Illuminate\\Http\\Request))
#24 /home/vagrant/dad/projetoDAD/vendor/fideloper/proxy/src/TrustProxies.php(57): Illuminate\\Routing\\Pipeline->Illuminate\\Routing\\{closure}(Object(Illuminate\\Http\\Request))
#25 /home/vagrant/dad/projetoDAD/vendor/laravel/framework/src/Illuminate/Pipeline/Pipeline.php(151): Fideloper\\Proxy\\TrustProxies->handle(Object(Illuminate\\Http\\Request), Object(Closure))
#26 /home/vagrant/dad/projetoDAD/vendor/laravel/framework/src/Illuminate/Routing/Pipeline.php(53): Illuminate\\Pipeline\\Pipeline->Illuminate\\Pipeline\\{closure}(Object(Illuminate\\Http\\Request))
#27 /home/vagrant/dad/projetoDAD/vendor/laravel/framework/src/Illuminate/Foundation/Http/Middleware/TransformsRequest.php(31): Illuminate\\Routing\\Pipeline->Illuminate\\Routing\\{closure}(Object(Illuminate\\Http\\Request))
#28 /home/vagrant/dad/projetoDAD/vendor/laravel/framework/src/Illuminate/Pipeline/Pipeline.php(151): Illuminate\\Foundation\\Http\\Middleware\\TransformsRequest->handle(Object(Illuminate\\Http\\Request), Object(Closure))
#29 /home/vagrant/dad/projetoDAD/vendor/laravel/framework/src/Illuminate/Routing/Pipeline.php(53): Illuminate\\Pipeline\\Pipeline->Illuminate\\Pipeline\\{closure}(Object(Illuminate\\Http\\Request))
#30 /home/vagrant/dad/projetoDAD/vendor/laravel/framework/src/Illuminate/Foundation/Http/Middleware/TransformsRequest.php(31): Illuminate\\Routing\\Pipeline->Illuminate\\Routing\\{closure}(Object(Illuminate\\Http\\Request))
#31 /home/vagrant/dad/projetoDAD/vendor/laravel/framework/src/Illuminate/Pipeline/Pipeline.php(151): Illuminate\\Foundation\\Http\\Middleware\\TransformsRequest->handle(Object(Illuminate\\Http\\Request), Object(Closure))
#32 /home/vagrant/dad/projetoDAD/vendor/laravel/framework/src/Illuminate/Routing/Pipeline.php(53): Illuminate\\Pipeline\\Pipeline->Illuminate\\Pipeline\\{closure}(Object(Illuminate\\Http\\Request))
#33 /home/vagrant/dad/projetoDAD/vendor/laravel/framework/src/Illuminate/Foundation/Http/Middleware/ValidatePostSize.php(27): Illuminate\\Routing\\Pipeline->Illuminate\\Routing\\{closure}(Object(Illuminate\\Http\\Request))
#34 /home/vagrant/dad/projetoDAD/vendor/laravel/framework/src/Illuminate/Pipeline/Pipeline.php(151): Illuminate\\Foundation\\Http\\Middleware\\ValidatePostSize->handle(Object(Illuminate\\Http\\Request), Object(Closure))
#35 /home/vagrant/dad/projetoDAD/vendor/laravel/framework/src/Illuminate/Routing/Pipeline.php(53): Illuminate\\Pipeline\\Pipeline->Illuminate\\Pipeline\\{closure}(Object(Illuminate\\Http\\Request))
#36 /home/vagrant/dad/projetoDAD/vendor/laravel/framework/src/Illuminate/Foundation/Http/Middleware/CheckForMaintenanceMode.php(62): Illuminate\\Routing\\Pipeline->Illuminate\\Routing\\{closure}(Object(Illuminate\\Http\\Request))
#37 /home/vagrant/dad/projetoDAD/vendor/laravel/framework/src/Illuminate/Pipeline/Pipeline.php(151): Illuminate\\Foundation\\Http\\Middleware\\CheckForMaintenanceMode->handle(Object(Illuminate\\Http\\Request), Object(Closure))
#38 /home/vagrant/dad/projetoDAD/vendor/laravel/framework/src/Illuminate/Routing/Pipeline.php(53): Illuminate\\Pipeline\\Pipeline->Illuminate\\Pipeline\\{closure}(Object(Illuminate\\Http\\Request))
#39 /home/vagrant/dad/projetoDAD/vendor/laravel/framework/src/Illuminate/Pipeline/Pipeline.php(104): Illuminate\\Routing\\Pipeline->Illuminate\\Routing\\{closure}(Object(Illuminate\\Http\\Request))
#40 /home/vagrant/dad/projetoDAD/vendor/laravel/framework/src/Illuminate/Foundation/Http/Kernel.php(151): Illuminate\\Pipeline\\Pipeline->then(Object(Closure))
#41 /home/vagrant/dad/projetoDAD/vendor/laravel/framework/src/Illuminate/Foundation/Http/Kernel.php(116): Illuminate\\Foundation\\Http\\Kernel->sendRequestThroughRouter(Object(Illuminate\\Http\\Request))
#42 /home/vagrant/dad/projetoDAD/public/index.php(55): Illuminate\\Foundation\\Http\\Kernel->handle(Object(Illuminate\\Http\\Request))
#43 {main}
"} 
[2018-12-18 20:10:14] local.ERROR: The user credentials were incorrect. {"exception":"[object] (League\\OAuth2\\Server\\Exception\\OAuthServerException(code: 6): The user credentials were incorrect. at /home/vagrant/dad/projetoDAD/vendor/league/oauth2-server/src/Exception/OAuthServerException.php:164)
[stacktrace]
#0 /home/vagrant/dad/projetoDAD/vendor/league/oauth2-server/src/Grant/PasswordGrant.php(103): League\\OAuth2\\Server\\Exception\\OAuthServerException::invalidCredentials()
#1 /home/vagrant/dad/projetoDAD/vendor/league/oauth2-server/src/Grant/PasswordGrant.php(54): League\\OAuth2\\Server\\Grant\\PasswordGrant->validateUser(Object(Zend\\Diactoros\\ServerRequest), Object(Laravel\\Passport\\Bridge\\Client))
#2 /home/vagrant/dad/projetoDAD/vendor/league/oauth2-server/src/AuthorizationServer.php(198): League\\OAuth2\\Server\\Grant\\PasswordGrant->respondToAccessTokenRequest(Object(Zend\\Diactoros\\ServerRequest), Object(League\\OAuth2\\Server\\ResponseTypes\\BearerTokenResponse), Object(DateInterval))
#3 /home/vagrant/dad/projetoDAD/vendor/laravel/passport/src/Http/Controllers/AccessTokenController.php(63): League\\OAuth2\\Server\\AuthorizationServer->respondToAccessTokenRequest(Object(Zend\\Diactoros\\ServerRequest), Object(Zend\\Diactoros\\Response))
#4 /home/vagrant/dad/projetoDAD/vendor/laravel/passport/src/Http/Controllers/HandlesOAuthErrors.php(28): Laravel\\Passport\\Http\\Controllers\\AccessTokenController->Laravel\\Passport\\Http\\Controllers\\{closure}()
#5 /home/vagrant/dad/projetoDAD/vendor/laravel/passport/src/Http/Controllers/AccessTokenController.php(65): Laravel\\Passport\\Http\\Controllers\\AccessTokenController->withErrorHandling(Object(Closure))
#6 /home/vagrant/dad/projetoDAD/vendor/laravel/framework/src/Illuminate/Routing/ControllerDispatcher.php(48): Laravel\\Passport\\Http\\Controllers\\AccessTokenController->issueToken(Object(Zend\\Diactoros\\ServerRequest))
#7 /home/vagrant/dad/projetoDAD/vendor/laravel/framework/src/Illuminate/Routing/Route.php(212): Illuminate\\Routing\\ControllerDispatcher->dispatch(Object(Illuminate\\Routing\\Route), Object(Laravel\\Passport\\Http\\Controllers\\AccessTokenController), 'issueToken')
#8 /home/vagrant/dad/projetoDAD/vendor/laravel/framework/src/Illuminate/Routing/Route.php(169): Illuminate\\Routing\\Route->runController()
#9 /home/vagrant/dad/projetoDAD/vendor/laravel/framework/src/Illuminate/Routing/Router.php(682): Illuminate\\Routing\\Route->run()
#10 /home/vagrant/dad/projetoDAD/vendor/laravel/framework/src/Illuminate/Routing/Pipeline.php(30): Illuminate\\Routing\\Router->Illuminate\\Routing\\{closure}(Object(Illuminate\\Http\\Request))
#11 /home/vagrant/dad/projetoDAD/vendor/laravel/framework/src/Illuminate/Routing/Middleware/ThrottleRequests.php(58): Illuminate\\Routing\\Pipeline->Illuminate\\Routing\\{closure}(Object(Illuminate\\Http\\Request))
#12 /home/vagrant/dad/projetoDAD/vendor/laravel/framework/src/Illuminate/Pipeline/Pipeline.php(151): Illuminate\\Routing\\Middleware\\ThrottleRequests->handle(Object(Illuminate\\Http\\Request), Object(Closure))
#13 /home/vagrant/dad/projetoDAD/vendor/laravel/framework/src/Illuminate/Routing/Pipeline.php(53): Illuminate\\Pipeline\\Pipeline->Illuminate\\Pipeline\\{closure}(Object(Illuminate\\Http\\Request))
#14 /home/vagrant/dad/projetoDAD/vendor/laravel/framework/src/Illuminate/Pipeline/Pipeline.php(104): Illuminate\\Routing\\Pipeline->Illuminate\\Routing\\{closure}(Object(Illuminate\\Http\\Request))
#15 /home/vagrant/dad/projetoDAD/vendor/laravel/framework/src/Illuminate/Routing/Router.php(684): Illuminate\\Pipeline\\Pipeline->then(Object(Closure))
#16 /home/vagrant/dad/projetoDAD/vendor/laravel/framework/src/Illuminate/Routing/Router.php(659): Illuminate\\Routing\\Router->runRouteWithinStack(Object(Illuminate\\Routing\\Route), Object(Illuminate\\Http\\Request))
#17 /home/vagrant/dad/projetoDAD/vendor/laravel/framework/src/Illuminate/Routing/Router.php(625): Illuminate\\Routing\\Router->runRoute(Object(Illuminate\\Http\\Request), Object(Illuminate\\Routing\\Route))
#18 /home/vagrant/dad/projetoDAD/vendor/laravel/framework/src/Illuminate/Routing/Router.php(614): Illuminate\\Routing\\Router->dispatchToRoute(Object(Illuminate\\Http\\Request))
#19 /home/vagrant/dad/projetoDAD/vendor/laravel/framework/src/Illuminate/Foundation/Http/Kernel.php(176): Illuminate\\Routing\\Router->dispatch(Object(Illuminate\\Http\\Request))
#20 /home/vagrant/dad/projetoDAD/vendor/laravel/framework/src/Illuminate/Routing/Pipeline.php(30): Illuminate\\Foundation\\Http\\Kernel->Illuminate\\Foundation\\Http\\{closure}(Object(Illuminate\\Http\\Request))
#21 /home/vagrant/dad/projetoDAD/vendor/barryvdh/laravel-debugbar/src/Middleware/InjectDebugbar.php(65): Illuminate\\Routing\\Pipeline->Illuminate\\Routing\\{closure}(Object(Illuminate\\Http\\Request))
#22 /home/vagrant/dad/projetoDAD/vendor/laravel/framework/src/Illuminate/Pipeline/Pipeline.php(151): Barryvdh\\Debugbar\\Middleware\\InjectDebugbar->handle(Object(Illuminate\\Http\\Request), Object(Closure))
#23 /home/vagrant/dad/projetoDAD/vendor/laravel/framework/src/Illuminate/Routing/Pipeline.php(53): Illuminate\\Pipeline\\Pipeline->Illuminate\\Pipeline\\{closure}(Object(Illuminate\\Http\\Request))
#24 /home/vagrant/dad/projetoDAD/vendor/fideloper/proxy/src/TrustProxies.php(57): Illuminate\\Routing\\Pipeline->Illuminate\\Routing\\{closure}(Object(Illuminate\\Http\\Request))
#25 /home/vagrant/dad/projetoDAD/vendor/laravel/framework/src/Illuminate/Pipeline/Pipeline.php(151): Fideloper\\Proxy\\TrustProxies->handle(Object(Illuminate\\Http\\Request), Object(Closure))
#26 /home/vagrant/dad/projetoDAD/vendor/laravel/framework/src/Illuminate/Routing/Pipeline.php(53): Illuminate\\Pipeline\\Pipeline->Illuminate\\Pipeline\\{closure}(Object(Illuminate\\Http\\Request))
#27 /home/vagrant/dad/projetoDAD/vendor/laravel/framework/src/Illuminate/Foundation/Http/Middleware/TransformsRequest.php(31): Illuminate\\Routing\\Pipeline->Illuminate\\Routing\\{closure}(Object(Illuminate\\Http\\Request))
#28 /home/vagrant/dad/projetoDAD/vendor/laravel/framework/src/Illuminate/Pipeline/Pipeline.php(151): Illuminate\\Foundation\\Http\\Middleware\\TransformsRequest->handle(Object(Illuminate\\Http\\Request), Object(Closure))
#29 /home/vagrant/dad/projetoDAD/vendor/laravel/framework/src/Illuminate/Routing/Pipeline.php(53): Illuminate\\Pipeline\\Pipeline->Illuminate\\Pipeline\\{closure}(Object(Illuminate\\Http\\Request))
#30 /home/vagrant/dad/projetoDAD/vendor/laravel/framework/src/Illuminate/Foundation/Http/Middleware/TransformsRequest.php(31): Illuminate\\Routing\\Pipeline->Illuminate\\Routing\\{closure}(Object(Illuminate\\Http\\Request))
#31 /home/vagrant/dad/projetoDAD/vendor/laravel/framework/src/Illuminate/Pipeline/Pipeline.php(151): Illuminate\\Foundation\\Http\\Middleware\\TransformsRequest->handle(Object(Illuminate\\Http\\Request), Object(Closure))
#32 /home/vagrant/dad/projetoDAD/vendor/laravel/framework/src/Illuminate/Routing/Pipeline.php(53): Illuminate\\Pipeline\\Pipeline->Illuminate\\Pipeline\\{closure}(Object(Illuminate\\Http\\Request))
#33 /home/vagrant/dad/projetoDAD/vendor/laravel/framework/src/Illuminate/Foundation/Http/Middleware/ValidatePostSize.php(27): Illuminate\\Routing\\Pipeline->Illuminate\\Routing\\{closure}(Object(Illuminate\\Http\\Request))
#34 /home/vagrant/dad/projetoDAD/vendor/laravel/framework/src/Illuminate/Pipeline/Pipeline.php(151): Illuminate\\Foundation\\Http\\Middleware\\ValidatePostSize->handle(Object(Illuminate\\Http\\Request), Object(Closure))
#35 /home/vagrant/dad/projetoDAD/vendor/laravel/framework/src/Illuminate/Routing/Pipeline.php(53): Illuminate\\Pipeline\\Pipeline->Illuminate\\Pipeline\\{closure}(Object(Illuminate\\Http\\Request))
#36 /home/vagrant/dad/projetoDAD/vendor/laravel/framework/src/Illuminate/Foundation/Http/Middleware/CheckForMaintenanceMode.php(62): Illuminate\\Routing\\Pipeline->Illuminate\\Routing\\{closure}(Object(Illuminate\\Http\\Request))
#37 /home/vagrant/dad/projetoDAD/vendor/laravel/framework/src/Illuminate/Pipeline/Pipeline.php(151): Illuminate\\Foundation\\Http\\Middleware\\CheckForMaintenanceMode->handle(Object(Illuminate\\Http\\Request), Object(Closure))
#38 /home/vagrant/dad/projetoDAD/vendor/laravel/framework/src/Illuminate/Routing/Pipeline.php(53): Illuminate\\Pipeline\\Pipeline->Illuminate\\Pipeline\\{closure}(Object(Illuminate\\Http\\Request))
#39 /home/vagrant/dad/projetoDAD/vendor/laravel/framework/src/Illuminate/Pipeline/Pipeline.php(104): Illuminate\\Routing\\Pipeline->Illuminate\\Routing\\{closure}(Object(Illuminate\\Http\\Request))
#40 /home/vagrant/dad/projetoDAD/vendor/laravel/framework/src/Illuminate/Foundation/Http/Kernel.php(151): Illuminate\\Pipeline\\Pipeline->then(Object(Closure))
#41 /home/vagrant/dad/projetoDAD/vendor/laravel/framework/src/Illuminate/Foundation/Http/Kernel.php(116): Illuminate\\Foundation\\Http\\Kernel->sendRequestThroughRouter(Object(Illuminate\\Http\\Request))
#42 /home/vagrant/dad/projetoDAD/public/index.php(55): Illuminate\\Foundation\\Http\\Kernel->handle(Object(Illuminate\\Http\\Request))
#43 {main}
"} 
[2018-12-18 20:13:06] local.ERROR: The resource owner or authorization server denied the request. {"exception":"[object] (League\\OAuth2\\Server\\Exception\\OAuthServerException(code: 9): The resource owner or authorization server denied the request. at /home/vagrant/dad/projetoDAD/vendor/league/oauth2-server/src/Exception/OAuthServerException.php:215)
[stacktrace]
#0 /home/vagrant/dad/projetoDAD/vendor/league/oauth2-server/src/AuthorizationValidators/BearerTokenValidator.php(89): League\\OAuth2\\Server\\Exception\\OAuthServerException::accessDenied('Access token ha...')
#1 /home/vagrant/dad/projetoDAD/vendor/league/oauth2-server/src/ResourceServer.php(84): League\\OAuth2\\Server\\AuthorizationValidators\\BearerTokenValidator->validateAuthorization(Object(Zend\\Diactoros\\ServerRequest))
#2 /home/vagrant/dad/projetoDAD/vendor/laravel/passport/src/Guards/TokenGuard.php(174): League\\OAuth2\\Server\\ResourceServer->validateAuthenticatedRequest(Object(Zend\\Diactoros\\ServerRequest))
#3 /home/vagrant/dad/projetoDAD/vendor/laravel/passport/src/Guards/TokenGuard.php(126): Laravel\\Passport\\Guards\\TokenGuard->getPsrRequestViaBearerToken(Object(Illuminate\\Http\\Request))
#4 /home/vagrant/dad/projetoDAD/vendor/laravel/passport/src/Guards/TokenGuard.php(89): Laravel\\Passport\\Guards\\TokenGuard->authenticateViaBearerToken(Object(Illuminate\\Http\\Request))
#5 /home/vagrant/dad/projetoDAD/vendor/laravel/passport/src/PassportServiceProvider.php(272): Laravel\\Passport\\Guards\\TokenGuard->user(Object(Illuminate\\Http\\Request))
#6 [internal function]: Laravel\\Passport\\PassportServiceProvider->Laravel\\Passport\\{closure}(Object(Illuminate\\Http\\Request), NULL)
#7 /home/vagrant/dad/projetoDAD/vendor/laravel/framework/src/Illuminate/Auth/RequestGuard.php(58): call_user_func(Object(Closure), Object(Illuminate\\Http\\Request), NULL)
#8 /home/vagrant/dad/projetoDAD/vendor/barryvdh/laravel-debugbar/src/DataCollector/MultiAuthCollector.php(94): Illuminate\\Auth\\RequestGuard->user()
#9 /home/vagrant/dad/projetoDAD/vendor/barryvdh/laravel-debugbar/src/DataCollector/MultiAuthCollector.php(55): Barryvdh\\Debugbar\\DataCollector\\MultiAuthCollector->resolveUser(Object(Illuminate\\Auth\\RequestGuard))
#10 /home/vagrant/dad/projetoDAD/vendor/barryvdh/laravel-debugbar/src/LaravelDebugbar.php(814): Barryvdh\\Debugbar\\DataCollector\\MultiAuthCollector->collect()
#11 /home/vagrant/dad/projetoDAD/vendor/maximebf/debugbar/src/DebugBar/DebugBar.php(265): Barryvdh\\Debugbar\\LaravelDebugbar->collect()
#12 /home/vagrant/dad/projetoDAD/vendor/maximebf/debugbar/src/DebugBar/DebugBar.php(321): DebugBar\\DebugBar->getData()
#13 /home/vagrant/dad/projetoDAD/vendor/barryvdh/laravel-debugbar/src/LaravelDebugbar.php(712): DebugBar\\DebugBar->sendDataInHeaders(true)
#14 /home/vagrant/dad/projetoDAD/vendor/barryvdh/laravel-debugbar/src/Middleware/InjectDebugbar.php(74): Barryvdh\\Debugbar\\LaravelDebugbar->modifyResponse(Object(Illuminate\\Http\\Request), Object(Illuminate\\Http\\JsonResponse))
#15 /home/vagrant/dad/projetoDAD/vendor/laravel/framework/src/Illuminate/Pipeline/Pipeline.php(151): Barryvdh\\Debugbar\\Middleware\\InjectDebugbar->handle(Object(Illuminate\\Http\\Request), Object(Closure))
#16 /home/vagrant/dad/projetoDAD/vendor/laravel/framework/src/Illuminate/Routing/Pipeline.php(53): Illuminate\\Pipeline\\Pipeline->Illuminate\\Pipeline\\{closure}(Object(Illuminate\\Http\\Request))
#17 /home/vagrant/dad/projetoDAD/vendor/fideloper/proxy/src/TrustProxies.php(57): Illuminate\\Routing\\Pipeline->Illuminate\\Routing\\{closure}(Object(Illuminate\\Http\\Request))
#18 /home/vagrant/dad/projetoDAD/vendor/laravel/framework/src/Illuminate/Pipeline/Pipeline.php(151): Fideloper\\Proxy\\TrustProxies->handle(Object(Illuminate\\Http\\Request), Object(Closure))
#19 /home/vagrant/dad/projetoDAD/vendor/laravel/framework/src/Illuminate/Routing/Pipeline.php(53): Illuminate\\Pipeline\\Pipeline->Illuminate\\Pipeline\\{closure}(Object(Illuminate\\Http\\Request))
#20 /home/vagrant/dad/projetoDAD/vendor/laravel/framework/src/Illuminate/Foundation/Http/Middleware/TransformsRequest.php(31): Illuminate\\Routing\\Pipeline->Illuminate\\Routing\\{closure}(Object(Illuminate\\Http\\Request))
#21 /home/vagrant/dad/projetoDAD/vendor/laravel/framework/src/Illuminate/Pipeline/Pipeline.php(151): Illuminate\\Foundation\\Http\\Middleware\\TransformsRequest->handle(Object(Illuminate\\Http\\Request), Object(Closure))
#22 /home/vagrant/dad/projetoDAD/vendor/laravel/framework/src/Illuminate/Routing/Pipeline.php(53): Illuminate\\Pipeline\\Pipeline->Illuminate\\Pipeline\\{closure}(Object(Illuminate\\Http\\Request))
#23 /home/vagrant/dad/projetoDAD/vendor/laravel/framework/src/Illuminate/Foundation/Http/Middleware/TransformsRequest.php(31): Illuminate\\Routing\\Pipeline->Illuminate\\Routing\\{closure}(Object(Illuminate\\Http\\Request))
#24 /home/vagrant/dad/projetoDAD/vendor/laravel/framework/src/Illuminate/Pipeline/Pipeline.php(151): Illuminate\\Foundation\\Http\\Middleware\\TransformsRequest->handle(Object(Illuminate\\Http\\Request), Object(Closure))
#25 /home/vagrant/dad/projetoDAD/vendor/laravel/framework/src/Illuminate/Routing/Pipeline.php(53): Illuminate\\Pipeline\\Pipeline->Illuminate\\Pipeline\\{closure}(Object(Illuminate\\Http\\Request))
#26 /home/vagrant/dad/projetoDAD/vendor/laravel/framework/src/Illuminate/Foundation/Http/Middleware/ValidatePostSize.php(27): Illuminate\\Routing\\Pipeline->Illuminate\\Routing\\{closure}(Object(Illuminate\\Http\\Request))
#27 /home/vagrant/dad/projetoDAD/vendor/laravel/framework/src/Illuminate/Pipeline/Pipeline.php(151): Illuminate\\Foundation\\Http\\Middleware\\ValidatePostSize->handle(Object(Illuminate\\Http\\Request), Object(Closure))
#28 /home/vagrant/dad/projetoDAD/vendor/laravel/framework/src/Illuminate/Routing/Pipeline.php(53): Illuminate\\Pipeline\\Pipeline->Illuminate\\Pipeline\\{closure}(Object(Illuminate\\Http\\Request))
#29 /home/vagrant/dad/projetoDAD/vendor/laravel/framework/src/Illuminate/Foundation/Http/Middleware/CheckForMaintenanceMode.php(62): Illuminate\\Routing\\Pipeline->Illuminate\\Routing\\{closure}(Object(Illuminate\\Http\\Request))
#30 /home/vagrant/dad/projetoDAD/vendor/laravel/framework/src/Illuminate/Pipeline/Pipeline.php(151): Illuminate\\Foundation\\Http\\Middleware\\CheckForMaintenanceMode->handle(Object(Illuminate\\Http\\Request), Object(Closure))
#31 /home/vagrant/dad/projetoDAD/vendor/laravel/framework/src/Illuminate/Routing/Pipeline.php(53): Illuminate\\Pipeline\\Pipeline->Illuminate\\Pipeline\\{closure}(Object(Illuminate\\Http\\Request))
#32 /home/vagrant/dad/projetoDAD/vendor/laravel/framework/src/Illuminate/Pipeline/Pipeline.php(104): Illuminate\\Routing\\Pipeline->Illuminate\\Routing\\{closure}(Object(Illuminate\\Http\\Request))
#33 /home/vagrant/dad/projetoDAD/vendor/laravel/framework/src/Illuminate/Foundation/Http/Kernel.php(151): Illuminate\\Pipeline\\Pipeline->then(Object(Closure))
#34 /home/vagrant/dad/projetoDAD/vendor/laravel/framework/src/Illuminate/Foundation/Http/Kernel.php(116): Illuminate\\Foundation\\Http\\Kernel->sendRequestThroughRouter(Object(Illuminate\\Http\\Request))
#35 /home/vagrant/dad/projetoDAD/public/index.php(55): Illuminate\\Foundation\\Http\\Kernel->handle(Object(Illuminate\\Http\\Request))
#36 {main}
"} 
